This is pdfTeX, Version 3.141592653-2.6-1.40.26 (MiKTeX 24.4) (preloaded format=pdflatex 2024.5.18)  25 OCT 2024 10:11
entering extended mode
 restricted \write18 enabled.
 file:line:error style messages enabled.
 %&-line parsing enabled.
**c:/Users/prest/Documents/phd_thesis/dissertation.tex
(c:/Users/prest/Documents/phd_thesis/dissertation.tex
LaTeX2e <2023-11-01> patch level 1
L3 programming layer <2024-04-11>
(C:\Users\prest\AppData\Local\Programs\MiKTeX\tex/latex/memoir\memoir.cls
Document Class: memoir 2024/01/26 v3.8.2 configurable book, report, article document class
(C:\Users\prest\AppData\Local\Programs\MiKTeX\tex/latex/xpatch\xpatch.sty (C:\Users\prest\AppData\Local\Programs\MiKTeX\tex/latex/l3kernel\expl3.sty
Package: expl3 2024-04-11 L3 programming layer (loader) 
 (C:\Users\prest\AppData\Local\Programs\MiKTeX\tex/latex/l3backend\l3backend-pdftex.def
File: l3backend-pdftex.def 2024-04-11 L3 backend support: PDF output (pdfTeX)
\l__color_backend_stack_int=\count189
\l__pdf_internal_box=\box51
))
Package: xpatch 2020/03/25 v0.3a Extending etoolbox patching commands
 (C:\Users\prest\AppData\Local\Programs\MiKTeX\tex/latex/l3packages/xparse\xparse.sty
Package: xparse 2024-03-14 L3 Experimental document command parser
) (C:\Users\prest\AppData\Local\Programs\MiKTeX\tex/latex/etoolbox\etoolbox.sty
Package: etoolbox 2020/10/05 v2.5k e-TeX tools for LaTeX (JAW)
\etb@tempcnta=\count190
))
\onelineskip=\skip48
\lxvchars=\skip49
\xlvchars=\skip50
\@memcnta=\count191
\c@@memmarkcntra=\count192
 (C:\Users\prest\AppData\Local\Programs\MiKTeX\tex/generic/iftex\iftex.sty
Package: iftex 2022/02/03 v1.0f TeX engine tests
)
\trimtop=\skip51
\trimedge=\skip52
 (C:\Users\prest\AppData\Local\Programs\MiKTeX\tex/latex/memoir\mem12.clo
File: mem12.clo 2022/07/29 v0.5 memoir class 12pt size option
)
\binding=\skip53
\spinemargin=\skip54
\foremargin=\skip55
\uppermargin=\skip56
\lowermargin=\skip57
\headdrop=\skip58
\normalrulethickness=\skip59
\mem@maxheadheight=\skip60
\mem@maxfootheight=\skip61
\headwidth=\skip62
\c@storedpagenumber=\count193
\memPD=\dimen140
\m@mabparskip=\skip63
\thanksmarkwidth=\skip64
\thanksmarksep=\skip65
\droptitle=\skip66
\c@book=\count194
\c@part=\count195
\c@chapter=\count196
\c@section=\count197
\c@subsection=\count198
\c@subsubsection=\count199
\c@paragraph=\count266
\c@subparagraph=\count267
\beforechapskip=\skip67
\midchapskip=\skip68
\afterchapskip=\skip69
\chapindent=\skip70
\bottomsectionskip=\skip71
\secindent=\skip72
\beforesecskip=\skip73
\aftersecskip=\skip74
\subsecindent=\skip75
\beforesubsecskip=\skip76
\aftersubsecskip=\skip77
\subsubsecindent=\skip78
\beforesubsubsecskip=\skip79
\aftersubsubsecskip=\skip80
\paraindent=\skip81
\beforeparaskip=\skip82
\afterparaskip=\skip83
\subparaindent=\skip84
\beforesubparaskip=\skip85
\aftersubparaskip=\skip86
\pfbreakskip=\skip87
\c@@ppsavesec=\count268
\c@@ppsaveapp=\count269
\ragrparindent=\dimen141
\everylistparindent=\dimen142
\parsepi=\skip88
\topsepi=\skip89
\itemsepi=\skip90
\parsepii=\skip91
\topsepii=\skip92
\topsepiii=\skip93
\itemsepii=\skip94
\itemsepiii=\skip95
\partopsepii=\skip96
\partopsepiii=\skip97
\m@msavetopsep=\skip98
\m@msavepartopsep=\skip99
\@enLab=\toks17
\abstitleskip=\skip100
\absleftindent=\skip101
\abs@leftindent=\dimen143
\absrightindent=\skip102
\absparindent=\skip103
\absparsep=\skip104
\c@vslineno=\count270
\c@poemline=\count271
\c@modulo@vs=\count272
\c@memfvsline=\count273
\vleftskip=\skip105
\vrightskip=\skip106
\stanzaskip=\skip107
\versewidth=\skip108
\vgap=\skip109
\vindent=\skip110
\vleftmargin=\dimen144
\c@verse=\count274
\c@chrsinstr=\count275
\beforepoemtitleskip=\skip111
\afterpoemtitleskip=\skip112
\c@poem=\count276
\beforePoemTitleskip=\skip113
\midPoemTitleskip=\skip114
\afterPoemTitleskip=\skip115
 (C:\Users\prest\AppData\Local\Programs\MiKTeX\tex/latex/tools\array.sty
Package: array 2023/10/16 v2.5g Tabular extension package (FMi)
\col@sep=\dimen145
\ar@mcellbox=\box52
\extrarowheight=\dimen146
\NC@list=\toks18
\extratabsurround=\skip116
\backup@length=\skip117
\ar@cellbox=\box53
) (C:\Users\prest\AppData\Local\Programs\MiKTeX\tex/latex/tools\dcolumn.sty
Package: dcolumn 2023/07/08 v1.06 decimal alignment package (DPC)
) (C:\Users\prest\AppData\Local\Programs\MiKTeX\tex/latex/tools\delarray.sty
Package: delarray 2014/10/28 v1.01 array delimiter package (DPC)
) (C:\Users\prest\AppData\Local\Programs\MiKTeX\tex/latex/tools\tabularx.sty
Package: tabularx 2023/07/08 v2.11c `tabularx' package (DPC)
\TX@col@width=\dimen147
\TX@old@table=\dimen148
\TX@old@col=\dimen149
\TX@target=\dimen150
\TX@delta=\dimen151
\TX@cols=\count277
\TX@ftn=\toks19
) (C:\Users\prest\AppData\Local\Programs\MiKTeX\tex/latex/booktabs\booktabs.sty
Package: booktabs 2020/01/12 v1.61803398 Publication quality tables
\heavyrulewidth=\dimen152
\lightrulewidth=\dimen153
\cmidrulewidth=\dimen154
\belowrulesep=\dimen155
\belowbottomsep=\dimen156
\aboverulesep=\dimen157
\abovetopsep=\dimen158
\cmidrulesep=\dimen159
\cmidrulekern=\dimen160
\defaultaddspace=\dimen161
\@cmidla=\count278
\@cmidlb=\count279
\@aboverulesep=\dimen162
\@belowrulesep=\dimen163
\@thisruleclass=\count280
\@lastruleclass=\count281
\@thisrulewidth=\dimen164
)
\ctableftskip=\skip118
\ctabrightskip=\skip119
\abovecolumnspenalty=\count282
\@linestogo=\count283
\@cellstogo=\count284
\@cellsincolumn=\count285
\crtok=\toks20
\@mincolumnwidth=\dimen165
\c@newflo@tctr=\count286
\mem@margin@floatbox=\box54
\@contcwidth=\skip120
\@contindw=\skip121
\abovecaptionskip=\skip122
\belowcaptionskip=\skip123
\subfloattopskip=\skip124
\subfloatcapskip=\skip125
\subfloatcaptopadj=\skip126
\subfloatbottomskip=\skip127
\subfloatlabelskip=\skip128
\subfloatcapmargin=\dimen166
\c@@contsubnum=\count287
\m@mscap@capbox=\box55
\m@mscap@fbox=\box56
\sidecapsep=\dimen167
\sidecapwidth=\dimen168
\m@m@tempdima=\dimen169
\m@mscapraise=\dimen170
\sidecapraise=\dimen171
\m@mscapmainwidth=\dimen172
\m@mscaplkern=\dimen173
\beforeepigraphskip=\skip129
\afterepigraphskip=\skip130
\epigraphwidth=\skip131
\epigraphrule=\skip132
LaTeX Info: Redefining \em on input line 6932.
LaTeX Info: Redefining \emph on input line 6940.
 (C:\Users\prest\AppData\Local\Programs\MiKTeX\tex/latex/hyperref\nameref.sty
Package: nameref 2023-11-26 v2.56 Cross-referencing by name of section
 (C:\Users\prest\AppData\Local\Programs\MiKTeX\tex/latex/refcount\refcount.sty
Package: refcount 2019/12/15 v3.6 Data extraction from label references (HO)
 (C:\Users\prest\AppData\Local\Programs\MiKTeX\tex/generic/ltxcmds\ltxcmds.sty
Package: ltxcmds 2023-12-04 v1.26 LaTeX kernel commands for general use (HO)
) (C:\Users\prest\AppData\Local\Programs\MiKTeX\tex/generic/infwarerr\infwarerr.sty
Package: infwarerr 2019/12/03 v1.5 Providing info/warning/error messages (HO)
)) (C:\Users\prest\AppData\Local\Programs\MiKTeX\tex/generic/gettitlestring\gettitlestring.sty
Package: gettitlestring 2019/12/15 v1.6 Cleanup title references (HO)
 (C:\Users\prest\AppData\Local\Programs\MiKTeX\tex/latex/kvoptions\kvoptions.sty
Package: kvoptions 2022-06-15 v3.15 Key value format for package options (HO)
 (C:\Users\prest\AppData\Local\Programs\MiKTeX\tex/latex/graphics\keyval.sty
Package: keyval 2022/05/29 v1.15 key=value parser (DPC)
\KV@toks@=\toks21
) (C:\Users\prest\AppData\Local\Programs\MiKTeX\tex/latex/kvsetkeys\kvsetkeys.sty
Package: kvsetkeys 2022-10-05 v1.19 Key value parser (HO)
)))
\c@section@level=\count288
)
\tocentryskip=\skip133
\tocbaseline=\skip134
\cftparskip=\skip135
\cftbeforebookskip=\skip136
\cftbookindent=\dimen174
\cftbooknumwidth=\dimen175
\cftbeforepartskip=\skip137
\cftpartindent=\skip138
\cftpartnumwidth=\skip139
\cftbeforechapterskip=\skip140
\cftchapterindent=\skip141
\cftchapternumwidth=\skip142
\cftbeforesectionskip=\skip143
\cftsectionindent=\skip144
\cftsectionnumwidth=\skip145
\cftbeforesubsectionskip=\skip146
\cftsubsectionindent=\skip147
\cftsubsectionnumwidth=\skip148
\cftbeforesubsubsectionskip=\skip149
\cftsubsubsectionindent=\skip150
\cftsubsubsectionnumwidth=\skip151
\cftbeforeparagraphskip=\skip152
\cftparagraphindent=\skip153
\cftparagraphnumwidth=\skip154
\cftbeforesubparagraphskip=\skip155
\cftsubparagraphindent=\skip156
\cftsubparagraphnumwidth=\skip157
\prechapterprecisshift=\dimen176
\c@maxsecnumdepth=\count289
\bibindent=\dimen177
\bibitemsep=\skip158
\indexcolsep=\skip159
\indexrule=\skip160
\indexmarkstyle=\toks22
\@indexbox=\insert252
LaTeX Info: Redefining \raggedbottom on input line 7935.
LaTeX Info: Redefining \flushbottom on input line 7939.
\glossarycolsep=\dimen178
\glossaryrule=\dimen179
\sideparvshift=\skip161
\sideins=\insert251
\sidebartopsep=\skip162
\sidebarhsep=\skip163
\sidebarvsep=\skip164
\sidebarwidth=\skip165
\footmarkwidth=\skip166
\footmarksep=\skip167
\footparindent=\skip168
\footinsdim=\skip169
\footinsv@r=\insert250
\@mpfootinsv@r=\insert249
\m@m@k=\count290
\m@m@h=\dimen180
\m@mipn@skip=\skip170
\sidefootins=\insert248
\sidefootadjust=\skip171
\sidefootheight=\skip172
\sidefoothsep=\skip173
\sidefootvsep=\skip174
\sidefootwidth=\skip175
\m@mdownsf=\skip176
\c@sidefootnote=\count291
\sidefootmarkwidth=\skip177
\sidefootmarksep=\skip178
\sidefootparindent=\skip179
\c@pagenote=\count292
\c@pagenoteshadow=\count293
\mem@pn@lastkern=\skip180
 (C:\Users\prest\AppData\Local\Programs\MiKTeX\tex/latex/tools\verbatim.sty
Package: verbatim 2023-11-06 v1.5v LaTeX2e package for verbatim enhancements
\every@verbatim=\toks23
\verbatim@line=\toks24
\verbatim@in@stream=\read2
)
\verbatimindent=\skip181
\verbatim@out=\write3
 (C:\Users\prest\AppData\Local\Programs\MiKTeX\tex/latex/base\shortvrb.sty
Package: shortvrb 2022/11/13 v3.0m Standard LaTeX documentation package V3 (FMi)
)
\bvboxsep=\skip182
\c@memfbvline=\count294
\c@bvlinectr=\count295
\bvnumlength=\skip183
\fb@frw=\dimen181
\fb@frh=\dimen182
\FrameRule=\dimen183
\FrameSep=\dimen184
\c@cp@cntr=\count296
\c@ism@mctr=\count297
\c@xsm@mctr=\count298
\c@csm@mctr=\count299
\c@ksm@mctr=\count300
\c@xksm@mctr=\count301
\c@cksm@mctr=\count302
\c@msm@mctr=\count303
\c@xmsm@mctr=\count304
\c@cmsm@mctr=\count305
\c@bsm@mctr=\count306
\c@workm@mctr=\count307
\c@sheetsequence=\count308
\c@lastsheet=\count309
\c@lastpage=\count310
 (C:\Users\prest\AppData\Local\Programs\MiKTeX\tex/latex/textcase\textcase.sty
Package: textcase 2023/07/27 v1.04 Text only upper/lower case changing (DPC)
Package textcase Info: Defining Legacy names on input line 20.
)
\c@figure=\count311
\c@lofdepth=\count312
\cftbeforefigureskip=\skip184
\cftfigureindent=\skip185
\cftfigurenumwidth=\skip186
\c@table=\count313
\c@lotdepth=\count314
\cftbeforetableskip=\skip187
\cfttableindent=\skip188
\cfttablenumwidth=\skip189
Package abstract [2008/07/23] emulated by memoir.
Package appendix [2008/07/23] emulated by memoir.
Package ccaption [2008/07/23] emulated by memoir.
Package changepage [2008/07/23] emulated by memoir.
Package chngcntr [2008/07/23] emulated by memoir.
Package chngpage [2008/07/23] emulated by memoir.
Package crop emulated by memoir.
Package enumerate [2008/07/23] emulated by memoir.
Package epigraph [2008/07/23] emulated by memoir.
Package ifmtarg [2008/07/23] emulated by memoir.
Package index [2008/07/23] emulated by memoir.
Package makeidx [2008/07/23] emulated by memoir.
Package moreverb [2008/07/23] emulated by memoir.
Package needspace [2008/07/23] emulated by memoir.
Package newfile [2008/07/23] emulated by memoir.
Package nextpage [2008/07/23] emulated by memoir.
Package pagenote [2008/07/23] emulated by memoir.
Package parskip [2008/07/23] emulated by memoir.
Package patchcmd [2008/07/23] emulated by memoir.
Package setspace [2008/07/23] emulated by memoir.
Package shortvrb [2008/07/23] emulated by memoir.
Package showidx [2008/07/23] emulated by memoir.
Package titleref [2008/07/23] emulated by memoir.
Package titling [2008/07/23] emulated by memoir.
Package tocbibind [2008/07/23] emulated by memoir.
Package tocloft [2008/07/23] emulated by memoir.
Package tocvsec2 [2008/07/23] emulated by memoir.
Package verbatim [2008/07/23] emulated by memoir.
Package verse [2008/07/23] emulated by memoir.
) (C:\Users\prest\AppData\Local\Programs\MiKTeX\tex/latex/graphics\rotating.sty
Package: rotating 2016/08/11 v2.16d rotated objects in LaTeX
 (C:\Users\prest\AppData\Local\Programs\MiKTeX\tex/latex/graphics\graphicx.sty
Package: graphicx 2021/09/16 v1.2d Enhanced LaTeX Graphics (DPC,SPQR)
 (C:\Users\prest\AppData\Local\Programs\MiKTeX\tex/latex/graphics\graphics.sty
Package: graphics 2022/03/10 v1.4e Standard LaTeX Graphics (DPC,SPQR)
 (C:\Users\prest\AppData\Local\Programs\MiKTeX\tex/latex/graphics\trig.sty
Package: trig 2021/08/11 v1.11 sin cos tan (DPC)
) (C:\Users\prest\AppData\Local\Programs\MiKTeX\tex/latex/graphics-cfg\graphics.cfg
File: graphics.cfg 2016/06/04 v1.11 sample graphics configuration
)
Package graphics Info: Driver file: pdftex.def on input line 107.
 (C:\Users\prest\AppData\Local\Programs\MiKTeX\tex/latex/graphics-def\pdftex.def
File: pdftex.def 2024/04/13 v1.2c Graphics/color driver for pdftex
))
\Gin@req@height=\dimen185
\Gin@req@width=\dimen186
) (C:\Users\prest\AppData\Local\Programs\MiKTeX\tex/latex/base\ifthen.sty
Package: ifthen 2022/04/13 v1.1d Standard LaTeX ifthen package (DPC)
)
\c@r@tfl@t=\count315
\rotFPtop=\skip190
\rotFPbot=\skip191
\rot@float@box=\box57
\rot@mess@toks=\toks25
) (includes/preamble.tex (C:\Users\prest\AppData\Local\Programs\MiKTeX\tex/latex/setspace\setspace.sty
Package: setspace 2022/12/04 v6.7b set line spacing
) (C:\Users\prest\AppData\Local\Programs\MiKTeX\tex/latex/geometry\geometry.sty
Package: geometry 2020/01/02 v5.9 Page Geometry
 (C:\Users\prest\AppData\Local\Programs\MiKTeX\tex/generic/iftex\ifvtex.sty
Package: ifvtex 2019/10/25 v1.7 ifvtex legacy package. Use iftex instead.
)
\Gm@cnth=\count316
\Gm@cntv=\count317
\c@Gm@tempcnt=\count318
\Gm@bindingoffset=\dimen187
\Gm@wd@mp=\dimen188
\Gm@odd@mp=\dimen189
\Gm@even@mp=\dimen190
\Gm@layoutwidth=\dimen191
\Gm@layoutheight=\dimen192
\Gm@layouthoffset=\dimen193
\Gm@layoutvoffset=\dimen194
\Gm@dimlist=\toks26
 (C:\Users\prest\AppData\Local\Programs\MiKTeX\tex/latex/geometry\geometry.cfg)) (enumitem.sty
Package: enumitem 2007/06/30 v2.1 Customized lists
\enit@toks=\toks27
\labelindent=\skip192
\enit@outerparindent=\dimen195
\enitdp@desc=\count319
)
\c@hanglisti=\count320
\enitdp@hanglist=\count321
 (C:\Users\prest\AppData\Local\Programs\MiKTeX\tex/latex/amsfonts\amssymb.sty
Package: amssymb 2013/01/14 v3.01 AMS font symbols
 (C:\Users\prest\AppData\Local\Programs\MiKTeX\tex/latex/amsfonts\amsfonts.sty
Package: amsfonts 2013/01/14 v3.01 Basic AMSFonts support
\@emptytoks=\toks28
\symAMSa=\mathgroup4
\symAMSb=\mathgroup5
LaTeX Font Info:    Redeclaring math symbol \hbar on input line 98.
LaTeX Font Info:    Overwriting math alphabet `\mathfrak' in version `bold'
(Font)                  U/euf/m/n --> U/euf/b/n on input line 106.
)) (C:\Users\prest\AppData\Local\Programs\MiKTeX\tex/latex/mathtools\mathtools.sty
Package: mathtools 2024/03/11 v1.30 mathematical typesetting tools
 (C:\Users\prest\AppData\Local\Programs\MiKTeX\tex/latex/tools\calc.sty
Package: calc 2023/07/08 v4.3 Infix arithmetic (KKT,FJ)
\calc@Acount=\count322
\calc@Bcount=\count323
\calc@Adimen=\dimen196
\calc@Bdimen=\dimen197
\calc@Askip=\skip193
\calc@Bskip=\skip194
LaTeX Info: Redefining \setlength on input line 80.
LaTeX Info: Redefining \addtolength on input line 81.
\calc@Ccount=\count324
\calc@Cskip=\skip195
) (C:\Users\prest\AppData\Local\Programs\MiKTeX\tex/latex/mathtools\mhsetup.sty
Package: mhsetup 2021/03/18 v1.4 programming setup (MH)
) (C:\Users\prest\AppData\Local\Programs\MiKTeX\tex/latex/amsmath\amsmath.sty
Package: amsmath 2023/05/13 v2.17o AMS math features
\@mathmargin=\skip196

For additional information on amsmath, use the `?' option.
(C:\Users\prest\AppData\Local\Programs\MiKTeX\tex/latex/amsmath\amstext.sty
Package: amstext 2021/08/26 v2.01 AMS text
 (C:\Users\prest\AppData\Local\Programs\MiKTeX\tex/latex/amsmath\amsgen.sty
File: amsgen.sty 1999/11/30 v2.0 generic functions
\@emptytoks=\toks29
\ex@=\dimen198
)) (C:\Users\prest\AppData\Local\Programs\MiKTeX\tex/latex/amsmath\amsbsy.sty
Package: amsbsy 1999/11/29 v1.2d Bold Symbols
\pmbraise@=\dimen199
) (C:\Users\prest\AppData\Local\Programs\MiKTeX\tex/latex/amsmath\amsopn.sty
Package: amsopn 2022/04/08 v2.04 operator names
)
\inf@bad=\count325
LaTeX Info: Redefining \frac on input line 234.
\uproot@=\count326
\leftroot@=\count327
LaTeX Info: Redefining \overline on input line 399.
LaTeX Info: Redefining \colon on input line 410.
\classnum@=\count328
\DOTSCASE@=\count329
LaTeX Info: Redefining \ldots on input line 496.
LaTeX Info: Redefining \dots on input line 499.
LaTeX Info: Redefining \cdots on input line 620.
\Mathstrutbox@=\box58
\strutbox@=\box59
LaTeX Info: Redefining \big on input line 722.
LaTeX Info: Redefining \Big on input line 723.
LaTeX Info: Redefining \bigg on input line 724.
LaTeX Info: Redefining \Bigg on input line 725.
\big@size=\dimen256
LaTeX Font Info:    Redeclaring font encoding OML on input line 743.
LaTeX Font Info:    Redeclaring font encoding OMS on input line 744.
\macc@depth=\count330
LaTeX Info: Redefining \bmod on input line 905.
LaTeX Info: Redefining \pmod on input line 910.
LaTeX Info: Redefining \smash on input line 940.
LaTeX Info: Redefining \relbar on input line 970.
LaTeX Info: Redefining \Relbar on input line 971.
\c@MaxMatrixCols=\count331
\dotsspace@=\muskip16
\c@parentequation=\count332
\dspbrk@lvl=\count333
\tag@help=\toks30
\row@=\count334
\column@=\count335
\maxfields@=\count336
\andhelp@=\toks31
\eqnshift@=\dimen257
\alignsep@=\dimen258
\tagshift@=\dimen259
\tagwidth@=\dimen260
\totwidth@=\dimen261
\lineht@=\dimen262
\@envbody=\toks32
\multlinegap=\skip197
\multlinetaggap=\skip198
\mathdisplay@stack=\toks33
LaTeX Info: Redefining \[ on input line 2953.
LaTeX Info: Redefining \] on input line 2954.
)
\g_MT_multlinerow_int=\count337
\l_MT_multwidth_dim=\dimen263
\origjot=\skip199
\l_MT_shortvdotswithinadjustabove_dim=\dimen264
\l_MT_shortvdotswithinadjustbelow_dim=\dimen265
\l_MT_above_intertext_sep=\dimen266
\l_MT_below_intertext_sep=\dimen267
\l_MT_above_shortintertext_sep=\dimen268
\l_MT_below_shortintertext_sep=\dimen269
\xmathstrut@box=\box60
\xmathstrut@dim=\dimen270
) (C:\Users\prest\AppData\Local\Programs\MiKTeX\tex/latex/amscls\amsthm.sty
Package: amsthm 2020/05/29 v2.20.6
\thm@style=\toks34
\thm@bodyfont=\toks35
\thm@headfont=\toks36
\thm@notefont=\toks37
\thm@headpunct=\toks38
\thm@preskip=\skip256
\thm@postskip=\skip257
\thm@headsep=\skip258
\dth@everypar=\toks39
) (C:\Users\prest\AppData\Local\Programs\MiKTeX\tex/latex/hyperref\hyperref.sty
Package: hyperref 2024-01-20 v7.01h Hypertext links for LaTeX
 (C:\Users\prest\AppData\Local\Programs\MiKTeX\tex/generic/kvdefinekeys\kvdefinekeys.sty
Package: kvdefinekeys 2019-12-19 v1.6 Define keys (HO)
) (C:\Users\prest\AppData\Local\Programs\MiKTeX\tex/generic/pdfescape\pdfescape.sty
Package: pdfescape 2019/12/09 v1.15 Implements pdfTeX's escape features (HO)
 (C:\Users\prest\AppData\Local\Programs\MiKTeX\tex/generic/pdftexcmds\pdftexcmds.sty
Package: pdftexcmds 2020-06-27 v0.33 Utility functions of pdfTeX for LuaTeX (HO)
Package pdftexcmds Info: \pdf@primitive is available.
Package pdftexcmds Info: \pdf@ifprimitive is available.
Package pdftexcmds Info: \pdfdraftmode found.
)) (C:\Users\prest\AppData\Local\Programs\MiKTeX\tex/latex/hycolor\hycolor.sty
Package: hycolor 2020-01-27 v1.10 Color options for hyperref/bookmark (HO)
) (C:\Users\prest\AppData\Local\Programs\MiKTeX\tex/latex/auxhook\auxhook.sty
Package: auxhook 2019-12-17 v1.6 Hooks for auxiliary files (HO)
)
\@linkdim=\dimen271
\Hy@linkcounter=\count338
\Hy@pagecounter=\count339
 (C:\Users\prest\AppData\Local\Programs\MiKTeX\tex/latex/hyperref\pd1enc.def
File: pd1enc.def 2024-01-20 v7.01h Hyperref: PDFDocEncoding definition (HO)
Now handling font encoding PD1 ...
... no UTF-8 mapping file for font encoding PD1
) (C:\Users\prest\AppData\Local\Programs\MiKTeX\tex/generic/intcalc\intcalc.sty
Package: intcalc 2019/12/15 v1.3 Expandable calculations with integers (HO)
)
\Hy@SavedSpaceFactor=\count340
 (C:\Users\prest\AppData\Local\Programs\MiKTeX\tex/latex/hyperref\puenc.def
File: puenc.def 2024-01-20 v7.01h Hyperref: PDF Unicode definition (HO)
Now handling font encoding PU ...
... no UTF-8 mapping file for font encoding PU
)
Package hyperref Info: Hyper figures OFF on input line 4179.
Package hyperref Info: Link nesting OFF on input line 4184.
Package hyperref Info: Hyper index ON on input line 4187.
Package hyperref Info: Plain pages OFF on input line 4194.
Package hyperref Info: Backreferencing OFF on input line 4199.
Package hyperref Info: Implicit mode ON; LaTeX internals redefined.
Package hyperref Info: Bookmarks ON on input line 4446.
\c@Hy@tempcnt=\count341
 (C:\Users\prest\AppData\Local\Programs\MiKTeX\tex/latex/url\url.sty
\Urlmuskip=\muskip17
Package: url 2013/09/16  ver 3.4  Verb mode for urls, etc.
)
LaTeX Info: Redefining \url on input line 4784.
\XeTeXLinkMargin=\dimen272
 (C:\Users\prest\AppData\Local\Programs\MiKTeX\tex/generic/bitset\bitset.sty
Package: bitset 2019/12/09 v1.3 Handle bit-vector datatype (HO)
 (C:\Users\prest\AppData\Local\Programs\MiKTeX\tex/generic/bigintcalc\bigintcalc.sty
Package: bigintcalc 2019/12/15 v1.5 Expandable calculations on big integers (HO)
))
\Fld@menulength=\count342
\Field@Width=\dimen273
\Fld@charsize=\dimen274
Package hyperref Info: Hyper figures OFF on input line 6063.
Package hyperref Info: Link nesting OFF on input line 6068.
Package hyperref Info: Hyper index ON on input line 6071.
Package hyperref Info: backreferencing OFF on input line 6078.
Package hyperref Info: Link coloring OFF on input line 6083.
Package hyperref Info: Link coloring with OCG OFF on input line 6088.
Package hyperref Info: PDF/A mode OFF on input line 6093.
 (C:\Users\prest\AppData\Local\Programs\MiKTeX\tex/latex/base\atbegshi-ltx.sty
Package: atbegshi-ltx 2021/01/10 v1.0c Emulation of the original atbegshi
package with kernel methods
)
\Hy@abspage=\count343
\c@Item=\count344
\c@Hfootnote=\count345
)
Package hyperref Info: Driver (autodetected): hpdftex.
 (C:\Users\prest\AppData\Local\Programs\MiKTeX\tex/latex/hyperref\hpdftex.def
File: hpdftex.def 2024-01-20 v7.01h Hyperref driver for pdfTeX
 (C:\Users\prest\AppData\Local\Programs\MiKTeX\tex/latex/base\atveryend-ltx.sty
Package: atveryend-ltx 2020/08/19 v1.0a Emulation of the original atveryend package
with kernel methods
)
\Fld@listcount=\count346
\c@bookmark@seq@number=\count347
 (C:\Users\prest\AppData\Local\Programs\MiKTeX\tex/latex/rerunfilecheck\rerunfilecheck.sty
Package: rerunfilecheck 2022-07-10 v1.10 Rerun checks for auxiliary files (HO)
 (C:\Users\prest\AppData\Local\Programs\MiKTeX\tex/generic/uniquecounter\uniquecounter.sty
Package: uniquecounter 2019/12/15 v1.4 Provide unlimited unique counter (HO)
)
Package uniquecounter Info: New unique counter `rerunfilecheck' on input line 285.
)
\Hy@SectionHShift=\skip259
) (C:\Users\prest\AppData\Local\Programs\MiKTeX\tex/latex/memoir\memhfixc.sty
Package: memhfixc 2023/09/10 v1.22 hyperref package fixes for memoir class
\c@memhycontfloat=\count348
\c@Hpagenote=\count349
) (C:\Users\prest\AppData\Local\Programs\MiKTeX\tex/latex/caption\subcaption.sty
Package: subcaption 2023/07/28 v1.6b Sub-captions (AR)
 (C:\Users\prest\AppData\Local\Programs\MiKTeX\tex/latex/caption\caption.sty
Package: caption 2023/08/05 v3.6o Customizing captions (AR)
 (C:\Users\prest\AppData\Local\Programs\MiKTeX\tex/latex/caption\caption3.sty
Package: caption3 2023/07/31 v2.4d caption3 kernel (AR)
\caption@tempdima=\dimen275
\captionmargin=\dimen276
\caption@leftmargin=\dimen277
\caption@rightmargin=\dimen278
\caption@width=\dimen279
\caption@indent=\dimen280
\caption@parindent=\dimen281
\caption@hangindent=\dimen282
Package caption Info: memoir document class detected.
 (C:\Users\prest\AppData\Local\Programs\MiKTeX\tex/latex/caption\caption-memoir.sto
File: caption-memoir.sto 2023/09/08 v2.2c Adaption of the caption package to the memoir document class (AR)
))
\c@caption@flags=\count350
\c@continuedfloat=\count351
Package caption Info: changepage package is loaded.
\caption@adjustwidth@hsize=\dimen283
\caption@adjustwidth@linewidth=\dimen284
Package caption Info: hyperref package is loaded.
Package caption Info: rotating package is loaded.
)
Package caption Info: New subtype `subfigure' on input line 238.
\c@subfigure=\count352
Package caption Info: New subtype `subtable' on input line 238.
\c@subtable=\count353
)
Package hyperref Info: Option `colorlinks' set `true' on input line 68.
 (C:\Users\prest\AppData\Local\Programs\MiKTeX\tex/latex/grffile\grffile.sty
Package: grffile 2019/11/11 v2.1 Extended file name support for graphics (legacy)
Package grffile Info: This package is an empty stub for compatibility on input line 40.
) (C:\Users\prest\AppData\Local\Programs\MiKTeX\tex/latex/braket\braket.sty) (C:\Users\prest\AppData\Local\Programs\MiKTeX\tex/latex/graphics\color.sty
Package: color 2022/01/06 v1.3d Standard LaTeX Color (DPC)
 (C:\Users\prest\AppData\Local\Programs\MiKTeX\tex/latex/graphics-cfg\color.cfg
File: color.cfg 2016/01/02 v1.6 sample color configuration
)
Package color Info: Driver file: pdftex.def on input line 149.
 (C:\Users\prest\AppData\Local\Programs\MiKTeX\tex/latex/graphics\mathcolor.ltx)) (C:\Users\prest\AppData\Local\Programs\MiKTeX\tex/latex/xcolor\xcolor.sty
Package: xcolor 2023/11/15 v3.01 LaTeX color extensions (UK)
 (C:\Users\prest\AppData\Local\Programs\MiKTeX\tex/latex/graphics-cfg\color.cfg
File: color.cfg 2016/01/02 v1.6 sample color configuration
)
Package xcolor Info: Driver file: pdftex.def on input line 274.
LaTeX Info: Redefining \color on input line 758.
 (C:\Users\prest\AppData\Local\Programs\MiKTeX\tex/latex/graphics\mathcolor.ltx)
Package xcolor Info: Model `cmy' substituted by `cmy0' on input line 1350.
Package xcolor Info: Model `hsb' substituted by `rgb' on input line 1354.
Package xcolor Info: Model `RGB' extended on input line 1366.
Package xcolor Info: Model `HTML' substituted by `rgb' on input line 1368.
Package xcolor Info: Model `Hsb' substituted by `hsb' on input line 1369.
Package xcolor Info: Model `tHsb' substituted by `hsb' on input line 1370.
Package xcolor Info: Model `HSB' substituted by `hsb' on input line 1371.
Package xcolor Info: Model `Gray' substituted by `gray' on input line 1372.
Package xcolor Info: Model `wave' substituted by `hsb' on input line 1373.
) (C:\Users\prest\AppData\Local\Programs\MiKTeX\tex/latex/physics\physics.sty
Package: physics 
) (C:\Users\prest\AppData\Local\Programs\MiKTeX\tex/latex/tools\bm.sty
Package: bm 2023/07/08 v1.2f Bold Symbol Support (DPC/FMi)
\symboldoperators=\mathgroup6
\symboldletters=\mathgroup7
\symboldsymbols=\mathgroup8
Package bm Info: No bold for \OMX/cmex/m/n, using \pmb.
Package bm Info: No bold for \U/msa/m/n, using \pmb.
Package bm Info: No bold for \U/msb/m/n, using \pmb.
LaTeX Font Info:    Redeclaring math alphabet \mathbf on input line 149.
) (C:\Users\prest\AppData\Local\Programs\MiKTeX\tex/latex/base\inputenc.sty
Package: inputenc 2021/02/14 v1.3d Input encoding file
\inpenc@prehook=\toks40
\inpenc@posthook=\toks41
) (C:\Users\prest\AppData\Local\Programs\MiKTeX\tex/latex/base\fontenc.sty
Package: fontenc 2021/04/29 v2.0v Standard LaTeX package
) (C:\Users\prest\AppData\Local\Programs\MiKTeX\tex/latex/mathpartir\mathpartir.sty
Package: mathpartir 2016/02/24 version 1.3.2 Math Paragraph for Typesetting Inference Rules
\mpr@andskip=\skip260
\mpr@lista=\toks42
\mpr@listb=\toks43
\mpr@hlist=\box61
\mpr@vlist=\box62
\mpr@right=\box63
) (C:\Users\prest\AppData\Local\Programs\MiKTeX\tex/latex/listings\listings.sty
\lst@mode=\count354
\lst@gtempboxa=\box64
\lst@token=\toks44
\lst@length=\count355
\lst@currlwidth=\dimen285
\lst@column=\count356
\lst@pos=\count357
\lst@lostspace=\dimen286
\lst@width=\dimen287
\lst@newlines=\count358
\lst@lineno=\count359
\lst@maxwidth=\dimen288
 (C:\Users\prest\AppData\Local\Programs\MiKTeX\tex/latex/listings\lstpatch.sty
File: lstpatch.sty 2024/03/11 1.10a (Carsten Heinz)
) (C:\Users\prest\AppData\Local\Programs\MiKTeX\tex/latex/listings\lstmisc.sty
File: lstmisc.sty 2024/03/11 1.10a (Carsten Heinz)
\c@lstnumber=\count360
\lst@skipnumbers=\count361
\lst@framebox=\box65
) (C:\Users\prest\AppData\Local\Programs\MiKTeX\tex/latex/listings\listings.cfg
File: listings.cfg 2024/03/11 1.10a listings configuration
))
Package: listings 2024/03/11 1.10a (Carsten Heinz)
 (C:\Users\prest\AppData\Local\Programs\MiKTeX\tex/latex/microtype\microtype.sty
Package: microtype 2024/03/29 v3.1b Micro-typographical refinements (RS)
\MT@toks=\toks45
\MT@tempbox=\box66
\MT@count=\count362
LaTeX Info: Redefining \noprotrusionifhmode on input line 1061.
LaTeX Info: Redefining \leftprotrusion on input line 1062.
\MT@prot@toks=\toks46
LaTeX Info: Redefining \rightprotrusion on input line 1081.
LaTeX Info: Redefining \textls on input line 1392.
\MT@outer@kern=\dimen289
LaTeX Info: Redefining \textmicrotypecontext on input line 2013.
\MT@listname@count=\count363
 (C:\Users\prest\AppData\Local\Programs\MiKTeX\tex/latex/microtype\microtype-pdftex.def
File: microtype-pdftex.def 2024/03/29 v3.1b Definitions specific to pdftex (RS)
LaTeX Info: Redefining \lsstyle on input line 902.
LaTeX Info: Redefining \lslig on input line 902.
\MT@outer@space=\skip261
)
Package microtype Info: Loading configuration file microtype.cfg.
 (C:\Users\prest\AppData\Local\Programs\MiKTeX\tex/latex/microtype\microtype.cfg
File: microtype.cfg 2024/03/29 v3.1b microtype main configuration file (RS)
)) (C:\Users\prest\AppData\Local\Programs\MiKTeX\tex/latex/boxedminipage\boxedminipage.sty
Package: boxedminipage 2020/04/19 v1.1 Boxed LaTeX2e minipages
\bmp@box=\box67
\bmp@width=\skip262
\bmp@height=\skip263
) (C:\Users\prest\AppData\Local\Programs\MiKTeX\tex/generic/iftex\ifpdf.sty
Package: ifpdf 2019/10/25 v3.4 ifpdf legacy package. Use iftex instead.
) (C:\Users\prest\AppData\Local\Programs\MiKTeX\tex/latex/tex-gyre\tgpagella.sty
Package: tgpagella 2009/09/27 v1.2 TeX Gyre Pagella as default roman family
) (C:\Users\prest\AppData\Local\Programs\MiKTeX\tex/latex/biblatex\biblatex.sty
Package: biblatex 2024/03/21 v3.20 programmable bibliographies (PK/MW)
 (C:\Users\prest\AppData\Local\Programs\MiKTeX\tex/latex/logreq\logreq.sty
Package: logreq 2010/08/04 v1.0 xml request logger
\lrq@indent=\count364
 (C:\Users\prest\AppData\Local\Programs\MiKTeX\tex/latex/logreq\logreq.def
File: logreq.def 2010/08/04 v1.0 logreq spec v1.0
))
\c@tabx@nest=\count365
\c@listtotal=\count366
\c@listcount=\count367
\c@liststart=\count368
\c@liststop=\count369
\c@citecount=\count370
\c@citetotal=\count371
\c@multicitecount=\count372
\c@multicitetotal=\count373
\c@instcount=\count374
\c@maxnames=\count375
\c@minnames=\count376
\c@maxitems=\count377
\c@minitems=\count378
\c@citecounter=\count379
\c@maxcitecounter=\count380
\c@savedcitecounter=\count381
\c@uniquelist=\count382
\c@uniquename=\count383
\c@refsection=\count384
\c@refsegment=\count385
\c@maxextratitle=\count386
\c@maxextratitleyear=\count387
\c@maxextraname=\count388
\c@maxextradate=\count389
\c@maxextraalpha=\count390
\c@abbrvpenalty=\count391
\c@highnamepenalty=\count392
\c@lownamepenalty=\count393
\c@maxparens=\count394
\c@parenlevel=\count395
\blx@tempcnta=\count396
\blx@tempcntb=\count397
\blx@tempcntc=\count398
\c@blx@maxsection=\count399
\blx@maxsegment@0=\count400
\blx@notetype=\count401
\blx@parenlevel@text=\count402
\blx@parenlevel@foot=\count403
\blx@sectionciteorder@0=\count404
\blx@sectionciteorderinternal@0=\count405
\blx@entrysetcounter=\count406
\blx@biblioinstance=\count407
\labelnumberwidth=\skip264
\labelalphawidth=\skip265
\biblabelsep=\skip266
\bibnamesep=\skip267
\bibinitsep=\skip268
\bibparsep=\skip269
\bibhang=\skip270
\blx@bcfin=\read3
\blx@bcfout=\write4
\blx@langwohyphens=\language79
\c@mincomprange=\count408
\c@maxcomprange=\count409
\c@mincompwidth=\count410
Package biblatex Info: Trying to load biblatex default data model...
Package biblatex Info: ... file 'blx-dm.def' found.
 (C:\Users\prest\AppData\Local\Programs\MiKTeX\tex/latex/biblatex\blx-dm.def
File: blx-dm.def 2024/03/21 v3.20 biblatex datamodel (PK/MW)
)
Package biblatex Info: Trying to load biblatex style data model...
Package biblatex Info: ... file 'numeric-comp.dbx' not found.
Package biblatex Info: Trying to load biblatex custom data model...
Package biblatex Info: ... file 'biblatex-dm.cfg' not found.
\c@afterword=\count411
\c@savedafterword=\count412
\c@annotator=\count413
\c@savedannotator=\count414
\c@author=\count415
\c@savedauthor=\count416
\c@bookauthor=\count417
\c@savedbookauthor=\count418
\c@commentator=\count419
\c@savedcommentator=\count420
\c@editor=\count421
\c@savededitor=\count422
\c@editora=\count423
\c@savededitora=\count424
\c@editorb=\count425
\c@savededitorb=\count426
\c@editorc=\count427
\c@savededitorc=\count428
\c@foreword=\count429
\c@savedforeword=\count430
\c@holder=\count431
\c@savedholder=\count432
\c@introduction=\count433
\c@savedintroduction=\count434
\c@namea=\count435
\c@savednamea=\count436
\c@nameb=\count437
\c@savednameb=\count438
\c@namec=\count439
\c@savednamec=\count440
\c@translator=\count441
\c@savedtranslator=\count442
\c@shortauthor=\count443
\c@savedshortauthor=\count444
\c@shorteditor=\count445
\c@savedshorteditor=\count446
\c@labelname=\count447
\c@savedlabelname=\count448
\c@institution=\count449
\c@savedinstitution=\count450
\c@lista=\count451
\c@savedlista=\count452
\c@listb=\count453
\c@savedlistb=\count454
\c@listc=\count455
\c@savedlistc=\count456
\c@listd=\count457
\c@savedlistd=\count458
\c@liste=\count459
\c@savedliste=\count460
\c@listf=\count461
\c@savedlistf=\count462
\c@location=\count463
\c@savedlocation=\count464
\c@organization=\count465
\c@savedorganization=\count466
\c@origlocation=\count467
\c@savedoriglocation=\count468
\c@origpublisher=\count469
\c@savedorigpublisher=\count470
\c@publisher=\count471
\c@savedpublisher=\count472
\c@language=\count473
\c@savedlanguage=\count474
\c@origlanguage=\count475
\c@savedoriglanguage=\count476
\c@pageref=\count477
\c@savedpageref=\count478
\shorthandwidth=\skip271
\shortjournalwidth=\skip272
\shortserieswidth=\skip273
\shorttitlewidth=\skip274
\shortauthorwidth=\skip275
\shorteditorwidth=\skip276
\locallabelnumberwidth=\skip277
\locallabelalphawidth=\skip278
\localshorthandwidth=\skip279
\localshortjournalwidth=\skip280
\localshortserieswidth=\skip281
\localshorttitlewidth=\skip282
\localshortauthorwidth=\skip283
\localshorteditorwidth=\skip284
Package biblatex Info: Trying to load compatibility code...
Package biblatex Info: ... file 'blx-compat.def' found.
 (C:\Users\prest\AppData\Local\Programs\MiKTeX\tex/latex/biblatex\blx-compat.def
File: blx-compat.def 2024/03/21 v3.20 biblatex compatibility (PK/MW)
)
Package biblatex Info: Trying to load BibTeX backend compatibility...
Package biblatex Info: ... file 'blx-bibtex.def' found.
 (C:\Users\prest\AppData\Local\Programs\MiKTeX\tex/latex/biblatex\blx-bibtex.def
File: blx-bibtex.def 2024/03/21 v3.20 biblatex compatibility (PK/MW)


Package biblatex Warning: Using fall-back bibtex backend:
(biblatex)                functionality may be reduced/unavailable.

)
Package biblatex Info: Trying to load generic definitions...
Package biblatex Info: ... file 'biblatex.def' found.
 (C:\Users\prest\AppData\Local\Programs\MiKTeX\tex/latex/biblatex\biblatex.def
File: biblatex.def 2024/03/21 v3.20 biblatex compatibility (PK/MW)
\c@textcitecount=\count479
\c@textcitetotal=\count480
\c@textcitemaxnames=\count481
\c@biburlbigbreakpenalty=\count482
\c@biburlbreakpenalty=\count483
\c@biburlnumpenalty=\count484
\c@biburlucpenalty=\count485
\c@biburllcpenalty=\count486
\biburlbigskip=\muskip18
\biburlnumskip=\muskip19
\biburlucskip=\muskip20
\biburllcskip=\muskip21
\c@smartand=\count487
)
Package biblatex Info: Trying to load bibliography style 'numeric-comp'...
Package biblatex Info: ... file 'numeric-comp.bbx' found.
 (C:\Users\prest\AppData\Local\Programs\MiKTeX\tex/latex/biblatex/bbx\numeric-comp.bbx
File: numeric-comp.bbx 2024/03/21 v3.20 biblatex bibliography style (PK/MW)
Package biblatex Info: Trying to load bibliography style 'numeric'...
Package biblatex Info: ... file 'numeric.bbx' found.
 (C:\Users\prest\AppData\Local\Programs\MiKTeX\tex/latex/biblatex/bbx\numeric.bbx
File: numeric.bbx 2024/03/21 v3.20 biblatex bibliography style (PK/MW)
Package biblatex Info: Trying to load bibliography style 'standard'...
Package biblatex Info: ... file 'standard.bbx' found.
 (C:\Users\prest\AppData\Local\Programs\MiKTeX\tex/latex/biblatex/bbx\standard.bbx
File: standard.bbx 2024/03/21 v3.20 biblatex bibliography style (PK/MW)
\c@bbx:relatedcount=\count488
\c@bbx:relatedtotal=\count489
)))
Package biblatex Info: Trying to load citation style 'numeric-comp'...
Package biblatex Info: ... file 'numeric-comp.cbx' found.
 (C:\Users\prest\AppData\Local\Programs\MiKTeX\tex/latex/biblatex/cbx\numeric-comp.cbx
File: numeric-comp.cbx 2024/03/21 v3.20 biblatex citation style (PK/MW)
\c@cbx@tempcnta=\count490
\c@cbx@tempcntb=\count491
\c@cbx@tempcntc=\count492
\c@cbx@tempcntd=\count493
Package biblatex Info: Redefining '\cite'.
Package biblatex Info: Redefining '\parencite'.
Package biblatex Info: Redefining '\footcite'.
Package biblatex Info: Redefining '\footcitetext'.
Package biblatex Info: Redefining '\smartcite'.
Package biblatex Info: Redefining '\supercite'.
Package biblatex Info: Redefining '\textcite'.
Package biblatex Info: Redefining '\textcites'.
Package biblatex Info: Redefining '\cites'.
Package biblatex Info: Redefining '\parencites'.
Package biblatex Info: Redefining '\smartcites'.
)
Package biblatex Info: Trying to load configuration file...
Package biblatex Info: ... file 'biblatex.cfg' found.
 (C:\Users\prest\AppData\Local\Programs\MiKTeX\tex/latex/biblatex\biblatex.cfg
File: biblatex.cfg 
)
Package biblatex Info: Input encoding 'utf8' detected.
Package biblatex Info: Document encoding is UTF8 ....
Package biblatex Info: ... and expl3
(biblatex)             2024-04-11 L3 programming layer (loader) 
(biblatex)             is new enough (at least 2020/04/06),
(biblatex)             setting 'casechanger=expl3'.
 (C:\Users\prest\AppData\Local\Programs\MiKTeX\tex/latex/biblatex\blx-case-expl3.sty
Package: blx-case-expl3 2024/03/21 v3.20 expl3 case changing code for biblatex
))) (includes/defs.tex (C:\Users\prest\AppData\Local\Programs\MiKTeX\tex/latex/svn-multi\svn-multi.sty
Package: svn-multi 2011/08/30 v2.4d SVN Keywords for multi-file LaTeX documents
)) (includes/thesisdefs.tex
\c@tocpage=\count494
\c@lofpage=\count495
\c@lotpage=\count496
\c@listofheading=\count497
\@testday=\count498
\c@theorem=\count499
)
\@quotelevel=\count500
\@quotereset=\count501
LaTeX Font Info:    Trying to load font information for T1+qpl on input line 35.
 (C:\Users\prest\AppData\Local\Programs\MiKTeX\tex/latex/tex-gyre\t1qpl.fd
File: t1qpl.fd 2009/09/25 v1.2 font definition file for T1/qpl
) (dissertation.aux (frontmatter/frontmatter.aux) (Chapters/Ch_intro_to_quantum_networks.aux) (Chapters/Ch_integrated_network_node.aux) (Chapters/Ch_preparing_neutral_atom_qubits.aux) (Chapters/Ch_towards_atom_photon_entanglement.aux

LaTeX Warning: Label `eq1' multiply defined.

) (Chapters/Ch_array_PRA.aux) (backmatter/appendix_GOODlogger.aux) (backmatter/appendix_experiment_box.aux) (backmatter/appendix_drawings.aux) (backmatter/appendix_ingredients.aux

LaTeX Warning: Label `fig:drawing_mdc_chamber' multiply defined.

) (backmatter/appendix_cavity_node.aux) (backmatter/appendix_2pac.aux) (backmatter/appendix_collective_atomic_radiance.aux))
\openout1 = `dissertation.aux'.

LaTeX Font Info:    Checking defaults for OML/cmm/m/it on input line 35.
LaTeX Font Info:    ... okay on input line 35.
LaTeX Font Info:    Checking defaults for OMS/cmsy/m/n on input line 35.
LaTeX Font Info:    ... okay on input line 35.
LaTeX Font Info:    Checking defaults for OT1/cmr/m/n on input line 35.
LaTeX Font Info:    ... okay on input line 35.
LaTeX Font Info:    Checking defaults for T1/cmr/m/n on input line 35.
LaTeX Font Info:    ... okay on input line 35.
LaTeX Font Info:    Checking defaults for TS1/cmr/m/n on input line 35.
LaTeX Font Info:    ... okay on input line 35.
LaTeX Font Info:    Checking defaults for OMX/cmex/m/n on input line 35.
LaTeX Font Info:    ... okay on input line 35.
LaTeX Font Info:    Checking defaults for U/cmr/m/n on input line 35.
LaTeX Font Info:    ... okay on input line 35.
LaTeX Font Info:    Checking defaults for PD1/pdf/m/n on input line 35.
LaTeX Font Info:    ... okay on input line 35.
LaTeX Font Info:    Checking defaults for PU/pdf/m/n on input line 35.
LaTeX Font Info:    ... okay on input line 35.
 (C:\Users\prest\AppData\Local\Programs\MiKTeX\tex/context/base/mkii\supp-pdf.mkii
[Loading MPS to PDF converter (version 2006.09.02).]
\scratchcounter=\count502
\scratchdimen=\dimen290
\scratchbox=\box68
\nofMPsegments=\count503
\nofMParguments=\count504
\everyMPshowfont=\toks47
\MPscratchCnt=\count505
\MPscratchDim=\dimen291
\MPnumerator=\count506
\makeMPintoPDFobject=\count507
\everyMPtoPDFconversion=\toks48
) (C:\Users\prest\AppData\Local\Programs\MiKTeX\tex/latex/epstopdf-pkg\epstopdf-base.sty
Package: epstopdf-base 2020-01-24 v2.11 Base part for package epstopdf
Package epstopdf-base Info: Redefining graphics rule for `.eps' on input line 485.
 (C:\Users\prest\AppData\Local\Programs\MiKTeX\tex/latex/00miktex\epstopdf-sys.cfg
File: epstopdf-sys.cfg 2021/03/18 v2.0 Configuration of epstopdf for MiKTeX
))
*geometry* driver: auto-detecting
*geometry* detected driver: pdftex
*geometry* verbose mode - [ preamble ] result:
* driver: pdftex
* paper: letterpaper
* layout: <same size as paper>
* layoutoffset:(h,v)=(0.0pt,0.0pt)
* modes: 
* h-part:(L,W,R)=(92.14519pt, 430.00462pt, 92.14519pt)
* v-part:(T,H,B)=(95.39737pt, 556.47656pt, 143.09605pt)
* \paperwidth=614.295pt
* \paperheight=794.96999pt
* \textwidth=430.00462pt
* \textheight=556.47656pt
* \oddsidemargin=19.8752pt
* \evensidemargin=19.8752pt
* \topmargin=-11.24641pt
* \headheight=14.5pt
* \headsep=19.8738pt
* \topskip=12.0pt
* \footskip=30.0pt
* \marginparwidth=50.0pt
* \marginparsep=7.0pt
* \columnsep=10.0pt
* \skip\footins=12.0pt plus 4.0pt minus 4.0pt
* \hoffset=0.0pt
* \voffset=0.0pt
* \mag=1000
* \@twocolumnfalse
* \@twosidefalse
* \@mparswitchfalse
* \@reversemarginfalse
* (1in=72.27pt=25.4mm, 1cm=28.453pt)

Package hyperref Info: Link coloring ON on input line 35.
(dissertation.out) (dissertation.out)
\@outlinefile=\write5
\openout5 = `dissertation.out'.

Package caption Info: Begin \AtBeginDocument code.
Package caption Info: listings package is loaded.
Package caption Info: End \AtBeginDocument code.
\c@lstlisting=\count508
LaTeX Info: Redefining \microtypecontext on input line 35.
Package microtype Info: Applying patch `item' on input line 35.
Package microtype Info: Applying patch `toc' on input line 35.
Package microtype Info: Applying patch `eqnum' on input line 35.
Package microtype Info: Applying patch `footnote' on input line 35.
Package microtype Info: Applying patch `verbatim' on input line 35.
Package microtype Info: Generating PDF output.
Package microtype Info: Character protrusion enabled (level 2).
Package microtype Info: Using default protrusion set `alltext'.
Package microtype Info: Automatic font expansion enabled (level 2),
(microtype)             stretch: 20, shrink: 20, step: 1, non-selected.
Package microtype Info: Using default expansion set `alltext-nott'.
LaTeX Info: Redefining \showhyphens on input line 35.
Package microtype Info: No adjustment of tracking.
Package microtype Info: No adjustment of interword spacing.
Package microtype Info: No adjustment of character kerning.
 (C:\Users\prest\AppData\Local\Programs\MiKTeX\tex/latex/microtype\mt-ppl.cfg
File: mt-ppl.cfg 2005/11/16 v1.6 microtype config. file: Palatino (RS)
)
Package biblatex Info: Trying to load language 'english'...
Package biblatex Info: ... file 'english.lbx' found.
 (C:\Users\prest\AppData\Local\Programs\MiKTeX\tex/latex/biblatex/lbx\english.lbx
File: english.lbx 2024/03/21 v3.20 biblatex localization (PK/MW)
)
Package biblatex Info: Input encoding 'utf8' detected.
Package biblatex Info: Automatic encoding selection.
(biblatex)             Assuming data encoding 'utf8'.
Package biblatex Info: Input encoding 'utf8' detected.
Package biblatex Info: Data encoding 'utf8' specified.
(biblatex)             No need to reencode data.
\openout4 = `dissertation-blx.bib'.

Package biblatex Info: Trying to load bibliographic data...
Package biblatex Info: ... file 'dissertation.bbl' found.
 (dissertation.bbl

Package biblatex Warning: BibTeX reported the following issues
(biblatex)                with 'Neumann2022':
(biblatex)                - Invalid format of field 'month'.


Package biblatex Warning: BibTeX reported the following issues
(biblatex)                with 'Yin2020':
(biblatex)                - Invalid format of field 'month'.


Package biblatex Warning: BibTeX reported the following issues
(biblatex)                with 'Kómár2014':
(biblatex)                - Invalid format of field 'month'.


Package biblatex Warning: BibTeX reported the following issues
(biblatex)                with 'Monroe2014modular':
(biblatex)                - Invalid format of field 'month'.


Package biblatex Warning: BibTeX reported the following issues
(biblatex)                with 'drmota2024':
(biblatex)                - Invalid format of field 'month'.


Package biblatex Warning: BibTeX reported the following issues
(biblatex)                with 'Langenfeld2021':
(biblatex)                - Invalid format of field 'month'.


Package biblatex Warning: BibTeX reported the following issues
(biblatex)                with 'Wu2021':
(biblatex)                - Invalid format of field 'month'.


Package biblatex Warning: BibTeX reported the following issues
(biblatex)                with 'Kumar2017':
(biblatex)                - Invalid format of field 'month'.


Package biblatex Warning: BibTeX reported the following issues
(biblatex)                with 'd’ArmagnacdeCastanet2024':
(biblatex)                - Invalid format of field 'month'.


Package biblatex Warning: BibTeX reported the following issues
(biblatex)                with 'Bothwell2022':
(biblatex)                - Invalid format of field 'month'.


Package biblatex Warning: BibTeX reported the following issues
(biblatex)                with 'Pause2024':
(biblatex)                - Invalid format of field 'month'.


Package biblatex Warning: BibTeX reported the following issues
(biblatex)                with 'Evered2023':
(biblatex)                - Invalid format of field 'month'.


Package biblatex Warning: BibTeX reported the following issues
(biblatex)                with 'Thompson2024':
(biblatex)                - Invalid format of field 'month'.


Package biblatex Warning: BibTeX reported the following issues
(biblatex)                with 'Covey2023':
(biblatex)                - Invalid format of field 'month'.


Package biblatex Warning: BibTeX reported the following issues
(biblatex)                with 'Young2022':
(biblatex)                - Invalid format of field 'month'.


Package biblatex Warning: BibTeX reported the following issues
(biblatex)                with 'Garcia2018':
(biblatex)                - Invalid format of field 'month'.


Package biblatex Warning: BibTeX reported the following issues
(biblatex)                with 'Wigley2016':
(biblatex)                - Invalid format of field 'month'.


Package biblatex Warning: BibTeX reported the following issues
(biblatex)                with 'PHuft2022':
(biblatex)                - Invalid format of field 'month'.


Package biblatex Warning: BibTeX reported the following issues
(biblatex)                with 'WHung2015':
(biblatex)                - Invalid format of field 'month'.


Package biblatex Warning: BibTeX reported the following issues
(biblatex)                with 'YuWang2020':
(biblatex)                - Invalid format of field 'month'.


Package biblatex Warning: BibTeX reported the following issues
(biblatex)                with 'RRCAT2020':
(biblatex)                - Invalid format of field 'month'.


Package biblatex Warning: BibTeX reported the following issues
(biblatex)                with 'Arnthorp2012':
(biblatex)                - Invalid format of field 'month'.


Package biblatex Warning: BibTeX reported the following issues
(biblatex)                with 'Durak_2014':
(biblatex)                - Invalid format of field 'month'.

)
Package biblatex Info: Reference section=0 on input line 35.
Package biblatex Info: Reference segment=0 on input line 35.

Underfull \hbox (badness 10000) in paragraph at lines 47--47

 []

[1


{C:/Users/prest/AppData/Local/MiKTeX/fonts/map/pdftex/pdftex.map}{C:/Users/prest/AppData/Local/Programs/MiKTeX/fonts/enc/dvips/tex-gyre/q-ec.enc}]
\openout2 = `frontmatter/frontmatter.aux'.

 (frontmatter/frontmatter.tex
LaTeX Font Info:    Trying to load font information for TS1+qpl on input line 8.
 (C:\Users\prest\AppData\Local\Programs\MiKTeX\tex/latex/tex-gyre\ts1qpl.fd
File: ts1qpl.fd 2009/09/25 v1.2 font definition file for TS1/qpl
) [0


{C:/Users/prest/AppData/Local/Programs/MiKTeX/fonts/enc/dvips/tex-gyre/q-ts1.enc}]

LaTeX Font Warning: Font shape `T1/qpl/m/sl' in size <12> not available
(Font)              Font shape `T1/qpl/m/it' tried instead on input line 13.


pdfTeX warning (ext4): destination with the same identifier (name{page.i}) has been already used, duplicate ignored
<to be read again> 
                   \relax 
l.13 \end{dedication}
                      [1]
Package microtype Info: Character `029' is missing
(microtype)             in font `T1/qpl/m/sc/17.28'.
(microtype)             Ignoring protrusion settings for this character.
 (frontmatter/acks.tex
Package microtype Info: Character `029' is missing
(microtype)             in font `T1/qpl/m/sc/12'.
(microtype)             Ignoring protrusion settings for this character.
LaTeX Font Info:    Trying to load font information for T1+cmtt on input line 7.
 (C:\Users\prest\AppData\Local\Programs\MiKTeX\tex/latex/base\t1cmtt.fd
File: t1cmtt.fd 2023/04/13 v2.5m Standard LaTeX font definitions
)
Package microtype Info: Loading generic protrusion settings for font family
(microtype)             `cmtt' (encoding: T1).
(microtype)             For optimal results, create family-specific settings.
(microtype)             See the microtype manual for details.
) [2

{C:/Users/prest/AppData/Local/Programs/MiKTeX/fonts/enc/dvips/tex-gyre/q-ec-sc.enc}] (dissertation.toc
Overfull \hbox (4.11592pt too wide) detected at line 4
 \T1/qpl/m/n/12 xxiii
 []

(C:\Users\prest\AppData\Local\Programs\MiKTeX\tex/latex/microtype\mt-cmr.cfg
File: mt-cmr.cfg 2013/05/19 v2.2 microtype config. file: Computer Modern Roman (RS)
)
LaTeX Font Info:    Trying to load font information for U+msa on input line 5.
 (C:\Users\prest\AppData\Local\Programs\MiKTeX\tex/latex/amsfonts\umsa.fd
File: umsa.fd 2013/01/14 v3.01 AMS symbols A
) (C:\Users\prest\AppData\Local\Programs\MiKTeX\tex/latex/microtype\mt-msa.cfg
File: mt-msa.cfg 2006/02/04 v1.1 microtype config. file: AMS symbols (a) (RS)
)
LaTeX Font Info:    Trying to load font information for U+msb on input line 5.
 (C:\Users\prest\AppData\Local\Programs\MiKTeX\tex/latex/amsfonts\umsb.fd
File: umsb.fd 2013/01/14 v3.01 AMS symbols B
) (C:\Users\prest\AppData\Local\Programs\MiKTeX\tex/latex/microtype\mt-msb.cfg
File: mt-msb.cfg 2005/06/01 v1.0 microtype config. file: AMS symbols (b) (RS)
) [3

] [4] [5]) [6] (dissertation.lot) [7


] (dissertation.lof [8


] [9] [10] [11] [12] [13]
Overfull \vbox (13.35173pt too high) has occurred while \output is active []

 [14] [15] [16] [17] [18] [19] [20]) [21] [22] (frontmatter/abstract.tex)
pdfTeX warning (ext4): destination with the same identifier (name{page.xxii}) has been already used, duplicate ignored
<to be read again> 
                   \relax 
l.89 \end{umiabstract}
                       [22

] (frontmatter/abstract.tex) [23

])
\openout2 = `Chapters/Ch_intro_to_quantum_networks.aux'.

 (Chapters/Ch_intro_to_quantum_networks.tex [1





] [2

] [3]
<Images/network_of_quantum_registers.pdf, id=1135, 897.52415pt x 320.32199pt>
File: Images/network_of_quantum_registers.pdf Graphic file (type pdf)
<use Images/network_of_quantum_registers.pdf>
Package pdftex.def Info: Images/network_of_quantum_registers.pdf  used on input line 38.
(pdftex.def)             Requested size: 387.00153pt x 138.1219pt.
 [4] [5 <./Images/network_of_quantum_registers.pdf>]

Package hyperref Warning: Token not allowed in a PDF string (Unicode):
(hyperref)                removing `math shift' on input line 55.


Package hyperref Warning: Token not allowed in a PDF string (Unicode):
(hyperref)                removing `superscript' on input line 55.


Package hyperref Warning: Token not allowed in a PDF string (Unicode):
(hyperref)                removing `math shift' on input line 55.

[6]
<Images/rb87_atomphoton_entanglement_and_photon_emission_pattern2.pdf, id=1289, 1534.74515pt x 566.93674pt>
File: Images/rb87_atomphoton_entanglement_and_photon_emission_pattern2.pdf Graphic file (type pdf)
<use Images/rb87_atomphoton_entanglement_and_photon_emission_pattern2.pdf>
Package pdftex.def Info: Images/rb87_atomphoton_entanglement_and_photon_emission_pattern2.pdf  used on input line 71.
(pdftex.def)             Requested size: 387.00153pt x 142.95358pt.
 [7 <./Images/rb87_atomphoton_entanglement_and_photon_emission_pattern2.pdf>]
<Images/entanglement_attempt_loop.pdf, id=1340, 405.90121pt x 217.26286pt>
File: Images/entanglement_attempt_loop.pdf Graphic file (type pdf)
<use Images/entanglement_attempt_loop.pdf>
Package pdftex.def Info: Images/entanglement_attempt_loop.pdf  used on input line 99.
(pdftex.def)             Requested size: 215.0023pt x 115.08244pt.
 [8] [9 <./Images/entanglement_attempt_loop.pdf>] [10]
Overfull \hbox (54.1822pt too wide) in paragraph at lines 119--134
 [][] 
 []

<Images/covey_link_efficiency.pdf, id=1395, 194.08336pt x 128.95753pt>
File: Images/covey_link_efficiency.pdf Graphic file (type pdf)
<use Images/covey_link_efficiency.pdf>
Package pdftex.def Info: Images/covey_link_efficiency.pdf  used on input line 155.
(pdftex.def)             Requested size: 301.00192pt x 200.01984pt.
[11] [12] [13 <./Images/covey_link_efficiency.pdf>] [14] [15]) [16]
\openout2 = `Chapters/Ch_integrated_network_node.aux'.

 (Chapters/Ch_integrated_network_node.tex [17




] [18

]
<Images/optical_chip_schematic.pdf, id=1458, 446.51877pt x 396.3662pt>
File: Images/optical_chip_schematic.pdf Graphic file (type pdf)
<use Images/optical_chip_schematic.pdf>
Package pdftex.def Info: Images/optical_chip_schematic.pdf  used on input line 25.
(pdftex.def)             Requested size: 193.50076pt x 171.76471pt.
<Images/chamber_is_open_and_shut.pdf, id=1461, 8404.00372pt x 3313.05086pt>
File: Images/chamber_is_open_and_shut.pdf Graphic file (type pdf)
<use Images/chamber_is_open_and_shut.pdf>
Package pdftex.def Info: Images/chamber_is_open_and_shut.pdf  used on input line 36.
(pdftex.def)             Requested size: 387.00153pt x 152.51846pt.
 [19 <./Images/optical_chip_schematic.pdf>]
<Images/differential_pumping.pdf, id=1499, 513.5889pt x 492.74982pt>
File: Images/differential_pumping.pdf Graphic file (type pdf)
<use Images/differential_pumping.pdf>
Package pdftex.def Info: Images/differential_pumping.pdf  used on input line 45.
(pdftex.def)             Requested size: 215.0023pt x 206.27682pt.
 [20 <./Images/chamber_is_open_and_shut.pdf>] [21 <./Images/differential_pumping.pdf>] [22] [23] [24] [25]
<Images/MOT_and_GRIN_tubes.pdf, id=1555, 2124.14919pt x 1395.57298pt>
File: Images/MOT_and_GRIN_tubes.pdf Graphic file (type pdf)
<use Images/MOT_and_GRIN_tubes.pdf>
Package pdftex.def Info: Images/MOT_and_GRIN_tubes.pdf  used on input line 87.
(pdftex.def)             Requested size: 344.005pt x 226.00066pt.
 [26 <./Images/MOT_and_GRIN_tubes.pdf>] [27] [28]
<Images/mirror_focus_fiber_scan.pdf, id=1633, 3390.88339pt x 1374.29683pt>
File: Images/mirror_focus_fiber_scan.pdf Graphic file (type pdf)
<use Images/mirror_focus_fiber_scan.pdf>
Package pdftex.def Info: Images/mirror_focus_fiber_scan.pdf  used on input line 117.
(pdftex.def)             Requested size: 430.00462pt x 174.26114pt.
 [29]
<Images/fiber_scan_tranverse_slices.pdf, id=1644, 416.27318pt x 93.82732pt>
File: Images/fiber_scan_tranverse_slices.pdf Graphic file (type pdf)
<use Images/fiber_scan_tranverse_slices.pdf>
Package pdftex.def Info: Images/fiber_scan_tranverse_slices.pdf  used on input line 128.
(pdftex.def)             Requested size: 430.00462pt x 96.92667pt.
 [30 <./Images/mirror_focus_fiber_scan.pdf>]
<Images/fiberscan_852_780_xyz_fig.pdf, id=1719, 774.1852pt x 176.40709pt>
File: Images/fiberscan_852_780_xyz_fig.pdf Graphic file (type pdf)
<use Images/fiberscan_852_780_xyz_fig.pdf>
Package pdftex.def Info: Images/fiberscan_852_780_xyz_fig.pdf  used on input line 137.
(pdftex.def)             Requested size: 430.00462pt x 97.98245pt.
 [31 <./Images/fiber_scan_tranverse_slices.pdf>] [32 <./Images/fiberscan_852_780_xyz_fig.pdf>]
<Images/beam_projection_imaging_schematic.pdf, id=1933, 4879.81737pt x 1295.8285pt>
File: Images/beam_projection_imaging_schematic.pdf Graphic file (type pdf)
<use Images/beam_projection_imaging_schematic.pdf>
Package pdftex.def Info: Images/beam_projection_imaging_schematic.pdf  used on input line 150.
(pdftex.def)             Requested size: 430.00462pt x 114.18748pt.
 [33 <./Images/beam_projection_imaging_schematic.pdf>] [34] [35] [36]
<Images/transparency_sheet_beam_projections.pdf, id=2002, 768.3708pt x 720.47752pt>
File: Images/transparency_sheet_beam_projections.pdf Graphic file (type pdf)
<use Images/transparency_sheet_beam_projections.pdf>
Package pdftex.def Info: Images/transparency_sheet_beam_projections.pdf  used on input line 179.
(pdftex.def)             Requested size: 430.00462pt x 403.2118pt.
 [37] [38 <./Images/transparency_sheet_beam_projections.pdf>]

pdfTeX warning: pdflatex (file ./Images/chamber_fiber_strain_relief.pdf): PDF inclusion: found PDF version <1.7>, but at most version <1.5> allowed
<Images/chamber_fiber_strain_relief.pdf, id=2099, 844.61635pt x 475.09671pt>
File: Images/chamber_fiber_strain_relief.pdf Graphic file (type pdf)
<use Images/chamber_fiber_strain_relief.pdf>
Package pdftex.def Info: Images/chamber_fiber_strain_relief.pdf  used on input line 193.
(pdftex.def)             Requested size: 301.00192pt x 169.31657pt.
[39 <./Images/chamber_fiber_strain_relief.pdf>]
<Images/chip_in_chamber_akbar.pdf, id=2109, 2035.605pt x 1263.97218pt>
File: Images/chip_in_chamber_akbar.pdf Graphic file (type pdf)
<use Images/chip_in_chamber_akbar.pdf>
Package pdftex.def Info: Images/chip_in_chamber_akbar.pdf  used on input line 204.
(pdftex.def)             Requested size: 262.30307pt x 162.85637pt.


pdfTeX warning: pdflatex (file ./Images/chip_in_chamber_with_gasket.pdf): PDF inclusion: found PDF version <1.6>, but at most version <1.5> allowed
<Images/chip_in_chamber_with_gasket.pdf, id=2110, 2073.7475pt x 2101.8525pt>
File: Images/chip_in_chamber_with_gasket.pdf Graphic file (type pdf)
<use Images/chip_in_chamber_with_gasket.pdf>
Package pdftex.def Info: Images/chip_in_chamber_with_gasket.pdf  used on input line 208.
(pdftex.def)             Requested size: 161.25172pt x 163.4371pt.
[40 <./Images/chip_in_chamber_akbar.pdf> <./Images/chip_in_chamber_with_gasket.pdf>]
<Images/M1_M4_G1_G2_fiberscanZandY.pdf, id=2132, 581.6681pt x 175.28769pt>
File: Images/M1_M4_G1_G2_fiberscanZandY.pdf Graphic file (type pdf)
<use Images/M1_M4_G1_G2_fiberscanZandY.pdf>
Package pdftex.def Info: Images/M1_M4_G1_G2_fiberscanZandY.pdf  used on input line 220.
(pdftex.def)             Requested size: 387.00153pt x 116.62367pt.
 [41 <./Images/M1_M4_G1_G2_fiberscanZandY.pdf>]
<Images/laser_frequencies.pdf, id=2189, 560.14366pt x 525.77484pt>
File: Images/laser_frequencies.pdf Graphic file (type pdf)
<use Images/laser_frequencies.pdf>
Package pdftex.def Info: Images/laser_frequencies.pdf  used on input line 235.
(pdftex.def)             Requested size: 387.00153pt x 363.26639pt.


LaTeX Warning: `!h' float specifier changed to `!ht'.

[42] [43 <./Images/laser_frequencies.pdf>]
<Images/quantum_network_lasers_schematic.png, id=2241, 937.977pt x 888.264pt>
File: Images/quantum_network_lasers_schematic.png Graphic file (type png)
<use Images/quantum_network_lasers_schematic.png>
Package pdftex.def Info: Images/quantum_network_lasers_schematic.png  used on input line 248.
(pdftex.def)             Requested size: 387.00153pt x 366.48119pt.


LaTeX Warning: `!h' float specifier changed to `!ht'.


Overfull \hbox (3.30284pt too wide) in paragraph at lines 257--258
\OT1/cmr/m/n/12 1 \OMS/cmsy/m/n/12 $ \OML/cmm/m/it/12 F[] \OT1/cmr/m/n/12 = 1$ \T1/qpl/m/n/12 (-20) on the $\OML/cmm/m/it/12 D[]$ \T1/qpl/m/n/12 (-20) line is used for op-ti-cally pump-ing the atoms into $[]$.
 []

[44] [45 <./Images/quantum_network_lasers_schematic.png>]

pdfTeX warning: pdflatex (file ./Images/node1_coils.pdf): PDF inclusion: found PDF version <1.7>, but at most version <1.5> allowed
<Images/node1_coils.pdf, id=2257, 646.81653pt x 596.82973pt>
File: Images/node1_coils.pdf Graphic file (type pdf)
<use Images/node1_coils.pdf>
Package pdftex.def Info: Images/node1_coils.pdf  used on input line 267.
(pdftex.def)             Requested size: 301.00192pt x 277.7324pt.

LaTeX Warning: `!h' float specifier changed to `!ht'.

[46]) [47 <./Images/node1_coils.pdf>] [48]
\openout2 = `Chapters/Ch_preparing_neutral_atom_qubits.aux'.

 (Chapters/Ch_preparing_neutral_atom_qubits.tex
<Images/chamber_cross_section.pdf, id=2281, 658.71094pt x 542.77782pt>
File: Images/chamber_cross_section.pdf Graphic file (type pdf)
<use Images/chamber_cross_section.pdf>
Package pdftex.def Info: Images/chamber_cross_section.pdf  used on input line 22.
(pdftex.def)             Requested size: 387.00153pt x 318.89442pt.
<Images/mot6_alignment_to_repump.pdf, id=2283, 998.9822pt x 499.11469pt>
File: Images/mot6_alignment_to_repump.pdf Graphic file (type pdf)
<use Images/mot6_alignment_to_repump.pdf>
Package pdftex.def Info: Images/mot6_alignment_to_repump.pdf  used on input line 29.
(pdftex.def)             Requested size: 387.00153pt x 193.35162pt.
<Images/large_mot_and_thorcam_mot.pdf, id=2284, 4264.35738pt x 2058.37366pt>
File: Images/large_mot_and_thorcam_mot.pdf Graphic file (type pdf)
<use Images/large_mot_and_thorcam_mot.pdf>
Package pdftex.def Info: Images/large_mot_and_thorcam_mot.pdf  used on input line 39.
(pdftex.def)             Requested size: 387.00153pt x 186.78464pt.
 [49




] [50 <./Images/chamber_cross_section.pdf>] [51 <./Images/mot6_alignment_to_repump.pdf>]
<Images/on_chip_mot_feedback.pdf, id=2317, 657.83922pt x 335.2525pt>
File: Images/on_chip_mot_feedback.pdf Graphic file (type pdf)
<use Images/on_chip_mot_feedback.pdf>
Package pdftex.def Info: Images/on_chip_mot_feedback.pdf  used on input line 54.
(pdftex.def)             Requested size: 387.00153pt x 197.22943pt.
 [52 <./Images/large_mot_and_thorcam_mot.pdf>] [53 <./Images/on_chip_mot_feedback.pdf>]
<Images/mirror_fluorescence_and_chip_beams_yellow.pdf, id=2528, 355.18362pt x 346.89601pt>
File: Images/mirror_fluorescence_and_chip_beams_yellow.pdf Graphic file (type pdf)
<use Images/mirror_fluorescence_and_chip_beams_yellow.pdf>
Package pdftex.def Info: Images/mirror_fluorescence_and_chip_beams_yellow.pdf  used on input line 74.
(pdftex.def)             Requested size: 215.0023pt x 209.99182pt.
 [54 <./Images/mirror_fluorescence_and_chip_beams_yellow.pdf>]
<Images/fig_coming_soon.png, id=2537, 496.10344pt x 304.63812pt>
File: Images/fig_coming_soon.png Graphic file (type png)
<use Images/fig_coming_soon.png>
Package pdftex.def Info: Images/fig_coming_soon.png  used on input line 97.
(pdftex.def)             Requested size: 387.00153pt x 237.64465pt.
 [55]
<Images/FORT_feedback.pdf, id=2545, 922.1974pt x 304.13779pt>
File: Images/FORT_feedback.pdf Graphic file (type pdf)
<use Images/FORT_feedback.pdf>
Package pdftex.def Info: Images/FORT_feedback.pdf  used on input line 106.
(pdftex.def)             Requested size: 387.00153pt x 127.63025pt.
<Images/2024-06-21_atom_loading_with_continuous_MOT_time_series_loading_comparison_aspect0.02.pdf, id=2548, 715.47299pt x 281.40187pt>
File: Images/2024-06-21_atom_loading_with_continuous_MOT_time_series_loading_comparison_aspect0.02.pdf Graphic file (type pdf)
<use Images/2024-06-21_atom_loading_with_continuous_MOT_time_series_loading_comparison_aspect0.02.pdf>
Package pdftex.def Info: Images/2024-06-21_atom_loading_with_continuous_MOT_time_series_loading_comparison_aspect0.02.pdf  used on input line 129.
(pdftex.def)             Requested size: 387.00153pt x 152.20807pt.
 [56 <./Images/fig_coming_soon.png>] [57 <./Images/FORT_feedback.pdf>] [58 <./Images/2024-06-21_atom_loading_with_continuous_MOT_time_series_loading_comparison_aspect0.02.pdf>]
<Images/network_trap_frequency_electronics.pdf, id=2690, 385.5476pt x 139.05954pt>
File: Images/network_trap_frequency_electronics.pdf Graphic file (type pdf)
<use Images/network_trap_frequency_electronics.pdf>
Package pdftex.def Info: Images/network_trap_frequency_electronics.pdf  used on input line 154.
(pdftex.def)             Requested size: 387.00153pt x 139.58752pt.
<Images/network_trap_frequencies_20240627.pdf, id=2695, 559.34018pt x 426.09138pt>
File: Images/network_trap_frequencies_20240627.pdf Graphic file (type pdf)
<use Images/network_trap_frequencies_20240627.pdf>
Package pdftex.def Info: Images/network_trap_frequencies_20240627.pdf  used on input line 162.
(pdftex.def)             Requested size: 387.00153pt x 294.81607pt.
 [59]
<Images/atom_histogram_and_scatterplot.pdf, id=2704, 852.34322pt x 313.53964pt>
File: Images/atom_histogram_and_scatterplot.pdf Graphic file (type pdf)
<use Images/atom_histogram_and_scatterplot.pdf>
Package pdftex.def Info: Images/atom_histogram_and_scatterplot.pdf  used on input line 181.
(pdftex.def)             Requested size: 387.00153pt x 142.36412pt.
 [60 <./Images/network_trap_frequency_electronics.pdf>] [61 <./Images/network_trap_frequencies_20240627.pdf>] [62 <./Images/atom_histogram_and_scatterplot.pdf>]
File: Images/fig_coming_soon.png Graphic file (type png)
<use Images/fig_coming_soon.png>
Package pdftex.def Info: Images/fig_coming_soon.png  used on input line 203.
(pdftex.def)             Requested size: 387.00153pt x 237.64465pt.
<Images/microwave_system_schematic.pdf, id=2924, 810.90446pt x 393.75818pt>
File: Images/microwave_system_schematic.pdf Graphic file (type pdf)
<use Images/microwave_system_schematic.pdf>
Package pdftex.def Info: Images/microwave_system_schematic.pdf  used on input line 212.
(pdftex.def)             Requested size: 387.00153pt x 187.92029pt.
) [63]

LaTeX Warning: Text page 64 contains only floats.

[64 <./Images/microwave_system_schematic.pdf>]
\openout2 = `Chapters/Ch_towards_atom_photon_entanglement.aux'.

 (Chapters/Ch_towards_atom_photon_entanglement.tex [65




] [66]) [67]
\openout2 = `Chapters/Ch_array_PRA.aux'.

 (Chapters/Ch_array_PRA.tex [68




]
Package epstopdf Info: Source file: <Images/figure1.eps>
(epstopdf)                    date: 2024-05-18 19:35:10
(epstopdf)                    size: 450952 bytes
(epstopdf)             Output file: <Images/figure1-eps-converted-to.pdf>
(epstopdf)                    date: 2024-05-19 09:46:35
(epstopdf)                    size: 142917 bytes
(epstopdf)             Command: <miktex-epstopdf --outfile=Images/figure1-eps-converted-to.pdf Images/figure1.eps>
(epstopdf)             \includegraphics on input line 182.
Package epstopdf Info: Output file is already uptodate.
<Images/figure1-eps-converted-to.pdf, id=3026, 1378.14874pt x 415.5525pt>
File: Images/figure1-eps-converted-to.pdf Graphic file (type pdf)
<use Images/figure1-eps-converted-to.pdf>
Package pdftex.def Info: Images/figure1-eps-converted-to.pdf  used on input line 182.
(pdftex.def)             Requested size: 430.00462pt x 129.65692pt.
 [69] [70
pdfTeX warning (ext4): destination with the same identifier (name{equation.5.2.2}) has been already used, duplicate ignored
<argument> ...shipout:D \box_use:N \l_shipout_box 
                                                  \__shipout_drop_firstpage_...
l.203 \begin{equation}
                      \label{eq:Iag_bright}] [71 <./Images/figure1-eps-converted-to.pdf>] [72] [73] [74] [75] [76] [77] [78]
Package epstopdf Info: Source file: <Images/figure2.eps>
(epstopdf)                    date: 2024-05-18 19:35:10
(epstopdf)                    size: 3502028 bytes
(epstopdf)             Output file: <Images/figure2-eps-converted-to.pdf>
(epstopdf)                    date: 2024-05-19 09:46:40
(epstopdf)                    size: 2227128 bytes
(epstopdf)             Command: <miktex-epstopdf --outfile=Images/figure2-eps-converted-to.pdf Images/figure2.eps>
(epstopdf)             \includegraphics on input line 378.
Package epstopdf Info: Output file is already uptodate.
<Images/figure2-eps-converted-to.pdf, id=3168, 1427.3325pt x 907.39pt>
File: Images/figure2-eps-converted-to.pdf Graphic file (type pdf)
<use Images/figure2-eps-converted-to.pdf>
Package pdftex.def Info: Images/figure2-eps-converted-to.pdf  used on input line 378.
(pdftex.def)             Requested size: 193.50076pt x 123.00465pt.

Overfull \hbox (12.13379pt too wide) in paragraph at lines 383--384
[]\T1/qpl/m/n/12 (-20) For a Gaus-sian beam with waist pa-ram-e-ter $\OML/cmm/m/it/12 w[]$ \T1/qpl/m/n/12 (-20) we have $\OML/cmm/m/it/12 ^^O[] \OT1/cmr/m/n/12 = 2\OML/cmm/m/it/12 =w[]; ^^O[] \OT1/cmr/m/n/12 = \OML/cmm/m/it/12 ^^U[]=\OT1/cmr/m/n/12 (\OML/cmm/m/it/12 ^^Y[]w[]\OT1/cmr/m/n/12 ) =
 []

[79] [80 <./Images/figure2-eps-converted-to.pdf>]
Overfull \hbox (7.41069pt too wide) in paragraph at lines 407--426
 [][] 
 []

Package epstopdf Info: Source file: <Images/figure3.eps>
(epstopdf)                    date: 2024-05-18 19:35:10
(epstopdf)                    size: 1571285 bytes
(epstopdf)             Output file: <Images/figure3-eps-converted-to.pdf>
(epstopdf)                    date: 2024-05-19 09:46:44
(epstopdf)                    size: 1145865 bytes
(epstopdf)             Command: <miktex-epstopdf --outfile=Images/figure3-eps-converted-to.pdf Images/figure3.eps>
(epstopdf)             \includegraphics on input line 434.
Package epstopdf Info: Output file is already uptodate.
<Images/figure3-eps-converted-to.pdf, id=3202, 2435.0975pt x 1077.02374pt>
File: Images/figure3-eps-converted-to.pdf Graphic file (type pdf)
<use Images/figure3-eps-converted-to.pdf>
Package pdftex.def Info: Images/figure3-eps-converted-to.pdf  used on input line 434.
(pdftex.def)             Requested size: 430.00462pt x 190.17468pt.
[81 <./Images/figure3-eps-converted-to.pdf>] [82]
Package epstopdf Info: Source file: <Images/figure4.eps>
(epstopdf)                    date: 2024-05-18 19:35:10
(epstopdf)                    size: 1003412 bytes
(epstopdf)             Output file: <Images/figure4-eps-converted-to.pdf>
(epstopdf)                    date: 2024-05-19 09:46:47
(epstopdf)                    size: 479995 bytes
(epstopdf)             Command: <miktex-epstopdf --outfile=Images/figure4-eps-converted-to.pdf Images/figure4.eps>
(epstopdf)             \includegraphics on input line 446.
Package epstopdf Info: Output file is already uptodate.
<Images/figure4-eps-converted-to.pdf, id=3230, 1362.08875pt x 455.7025pt>
File: Images/figure4-eps-converted-to.pdf Graphic file (type pdf)
<use Images/figure4-eps-converted-to.pdf>
Package pdftex.def Info: Images/figure4-eps-converted-to.pdf  used on input line 446.
(pdftex.def)             Requested size: 430.00462pt x 143.85994pt.
 [83 <./Images/figure4-eps-converted-to.pdf>] [84]
<Images/coherent_trap_intensity_and_atoms.pdf, id=3266, 832.63538pt x 445.29153pt>
File: Images/coherent_trap_intensity_and_atoms.pdf Graphic file (type pdf)
<use Images/coherent_trap_intensity_and_atoms.pdf>
Package pdftex.def Info: Images/coherent_trap_intensity_and_atoms.pdf  used on input line 463.
(pdftex.def)             Requested size: 430.00462pt x 229.96298pt.


LaTeX Warning: `h' float specifier changed to `ht'.

[85]
<Images/coherent_trap_lifetime_and_resonances.pdf, id=3276, 725.71768pt x 269.2847pt>
File: Images/coherent_trap_lifetime_and_resonances.pdf Graphic file (type pdf)
<use Images/coherent_trap_lifetime_and_resonances.pdf>
Package pdftex.def Info: Images/coherent_trap_lifetime_and_resonances.pdf  used on input line 473.
(pdftex.def)             Requested size: 430.00462pt x 159.56279pt.
 [86 <./Images/coherent_trap_intensity_and_atoms.pdf>]

Package hyperref Warning: Token not allowed in a PDF string (Unicode):
(hyperref)                removing `math shift' on input line 502.


Package hyperref Warning: Token not allowed in a PDF string (Unicode):
(hyperref)                removing `math shift' on input line 502.

Package epstopdf Info: Source file: <Images/figure5.eps>
(epstopdf)                    date: 2024-05-18 19:35:10
(epstopdf)                    size: 454433 bytes
(epstopdf)             Output file: <Images/figure5-eps-converted-to.pdf>
(epstopdf)                    date: 2024-05-19 09:46:49
(epstopdf)                    size: 111576 bytes
(epstopdf)             Command: <miktex-epstopdf --outfile=Images/figure5-eps-converted-to.pdf Images/figure5.eps>
(epstopdf)             \includegraphics on input line 507.
Package epstopdf Info: Output file is already uptodate.
<Images/figure5-eps-converted-to.pdf, id=3334, 446.66875pt x 415.5525pt>
File: Images/figure5-eps-converted-to.pdf Graphic file (type pdf)
<use Images/figure5-eps-converted-to.pdf>
Package pdftex.def Info: Images/figure5-eps-converted-to.pdf  used on input line 507.
(pdftex.def)             Requested size: 258.00539pt x 240.03778pt.
[87 <./Images/coherent_trap_lifetime_and_resonances.pdf>] [88 <./Images/figure5-eps-converted-to.pdf>]
Package epstopdf Info: Source file: <Images/figure6.eps>
(epstopdf)                    date: 2024-05-18 19:35:10
(epstopdf)                    size: 92493 bytes
(epstopdf)             Output file: <Images/figure6-eps-converted-to.pdf>
(epstopdf)                    date: 2024-05-19 09:46:51
(epstopdf)                    size: 35193 bytes
(epstopdf)             Command: <miktex-epstopdf --outfile=Images/figure6-eps-converted-to.pdf Images/figure6.eps>
(epstopdf)             \includegraphics on input line 519.
Package epstopdf Info: Output file is already uptodate.
<Images/figure6-eps-converted-to.pdf, id=3437, 748.7975pt x 480.79625pt>
File: Images/figure6-eps-converted-to.pdf Graphic file (type pdf)
<use Images/figure6-eps-converted-to.pdf>
Package pdftex.def Info: Images/figure6-eps-converted-to.pdf  used on input line 519.
(pdftex.def)             Requested size: 258.00539pt x 165.66212pt.
 [89]
Package epstopdf Info: Source file: <Images/figure7.eps>
(epstopdf)                    date: 2024-05-18 19:35:10
(epstopdf)                    size: 331722 bytes
(epstopdf)             Output file: <Images/figure7-eps-converted-to.pdf>
(epstopdf)                    date: 2024-05-19 09:46:53
(epstopdf)                    size: 167062 bytes
(epstopdf)             Command: <miktex-epstopdf --outfile=Images/figure7-eps-converted-to.pdf Images/figure7.eps>
(epstopdf)             \includegraphics on input line 533.
Package epstopdf Info: Output file is already uptodate.
<Images/figure7-eps-converted-to.pdf, id=3446, 404.51125pt x 301.125pt>
File: Images/figure7-eps-converted-to.pdf Graphic file (type pdf)
<use Images/figure7-eps-converted-to.pdf>
Package pdftex.def Info: Images/figure7-eps-converted-to.pdf  used on input line 533.
(pdftex.def)             Requested size: 258.00539pt x 192.06686pt.
 [90 <./Images/figure6-eps-converted-to.pdf>] [91 <./Images/figure7-eps-converted-to.pdf>] [92]
Package epstopdf Info: Source file: <Images/figure8.eps>
(epstopdf)                    date: 2024-05-18 19:35:10
(epstopdf)                    size: 110309 bytes
(epstopdf)             Output file: <Images/figure8-eps-converted-to.pdf>
(epstopdf)                    date: 2024-05-19 09:46:55
(epstopdf)                    size: 27799 bytes
(epstopdf)             Command: <miktex-epstopdf --outfile=Images/figure8-eps-converted-to.pdf Images/figure8.eps>
(epstopdf)             \includegraphics on input line 559.
Package epstopdf Info: Output file is already uptodate.
<Images/figure8-eps-converted-to.pdf, id=3483, 431.6125pt x 302.12875pt>
File: Images/figure8-eps-converted-to.pdf Graphic file (type pdf)
<use Images/figure8-eps-converted-to.pdf>
Package pdftex.def Info: Images/figure8-eps-converted-to.pdf  used on input line 559.
(pdftex.def)             Requested size: 258.00539pt x 180.61017pt.
 [93] [94 <./Images/figure8-eps-converted-to.pdf>]
<Images/trap_array_frequencies_and_lifetimes.pdf, id=3502, 708.0503pt x 266.61914pt>
File: Images/trap_array_frequencies_and_lifetimes.pdf Graphic file (type pdf)
<use Images/trap_array_frequencies_and_lifetimes.pdf>
Package pdftex.def Info: Images/trap_array_frequencies_and_lifetimes.pdf  used on input line 576.
(pdftex.def)             Requested size: 387.00153pt x 145.72968pt.
 [95] [96 <./Images/trap_array_frequencies_and_lifetimes.pdf>]
<Images/first_dual_species_trap_image.pdf, id=3559, 903.88895pt x 215.22954pt>
File: Images/first_dual_species_trap_image.pdf Graphic file (type pdf)
<use Images/first_dual_species_trap_image.pdf>
Package pdftex.def Info: Images/first_dual_species_trap_image.pdf  used on input line 602.
(pdftex.def)             Requested size: 430.00462pt x 102.38943pt.
 [97 <./Images/first_dual_species_trap_image.pdf>] [98]
<Images/CsMOT_loading_curves.pdf, id=3623, 409.55824pt x 264.50005pt>
File: Images/CsMOT_loading_curves.pdf Graphic file (type pdf)
<use Images/CsMOT_loading_curves.pdf>
Package pdftex.def Info: Images/CsMOT_loading_curves.pdf  used on input line 638.
(pdftex.def)             Requested size: 258.00539pt x 166.63187pt.
) [99] [100 <./Images/CsMOT_loading_curves.pdf>]
\openout2 = `backmatter/appendix_GOODlogger.aux'.

 (backmatter/appendix_GOODlogger.tex [101




]
<Images/goodlogger_coil_jumps_20210213_14.pdf, id=3692, 405.79605pt x 333.16472pt>
File: Images/goodlogger_coil_jumps_20210213_14.pdf Graphic file (type pdf)
<use Images/goodlogger_coil_jumps_20210213_14.pdf>
Package pdftex.def Info: Images/goodlogger_coil_jumps_20210213_14.pdf  used on input line 12.
(pdftex.def)             Requested size: 387.00153pt x 317.74pt.
 [102

]) [103 <./Images/goodlogger_coil_jumps_20210213_14.pdf>]
\openout2 = `backmatter/appendix_experiment_box.aux'.

 (backmatter/appendix_experiment_box.tex
<Images/chiller_TEC_control_diagram.pdf, id=3710, 469.75504pt x 262.58101pt>
File: Images/chiller_TEC_control_diagram.pdf Graphic file (type pdf)
<use Images/chiller_TEC_control_diagram.pdf>
Package pdftex.def Info: Images/chiller_TEC_control_diagram.pdf  used on input line 9.
(pdftex.def)             Requested size: 430.00462pt x 240.36342pt.
 [104




]

pdfTeX warning: pdflatex (file ./Images/network_box_TEC_mount_sides.pdf): PDF inclusion: found PDF version <1.7>, but at most version <1.5> allowed
<Images/network_box_TEC_mount_sides.pdf, id=3718, 794.97pt x 614.295pt>
File: Images/network_box_TEC_mount_sides.pdf Graphic file (type pdf)
<use Images/network_box_TEC_mount_sides.pdf>
Package pdftex.def Info: Images/network_box_TEC_mount_sides.pdf  used on input line 20.
(pdftex.def)             Requested size: 556.47656pt x 430.01294pt.


pdfTeX warning: pdflatex (file ./Images/network_box_TEC_mount_back.pdf): PDF inclusion: found PDF version <1.7>, but at most version <1.5> allowed
<Images/network_box_TEC_mount_back.pdf, id=3719, 794.97pt x 614.295pt>
File: Images/network_box_TEC_mount_back.pdf Graphic file (type pdf)
<use Images/network_box_TEC_mount_back.pdf>
Package pdftex.def Info: Images/network_box_TEC_mount_back.pdf  used on input line 29.
(pdftex.def)             Requested size: 556.47656pt x 430.01294pt.
) [105 <./Images/chiller_TEC_control_diagram.pdf>] [106 <./Images/network_box_TEC_mount_sides.pdf>] [107 <./Images/network_box_TEC_mount_back.pdf>]
\openout2 = `backmatter/appendix_drawings.aux'.

 (backmatter/appendix_drawings.tex [108




]

pdfTeX warning: pdflatex (file ./Images/mdc_chamber_20220428.pdf): PDF inclusion: found PDF version <1.7>, but at most version <1.5> allowed
<Images/mdc_chamber_20220428.pdf, id=3755, 794.97pt x 614.295pt>
File: Images/mdc_chamber_20220428.pdf Graphic file (type pdf)
<use Images/mdc_chamber_20220428.pdf>
Package pdftex.def Info: Images/mdc_chamber_20220428.pdf  used on input line 13.
(pdftex.def)             Requested size: 556.47656pt x 430.01294pt.


pdfTeX warning: pdflatex (file ./Images/AQX Networking Box Frame LAYOUT.pdf): PDF inclusion: found PDF version <1.6>, but at most version <1.5> allowed
<Images/AQX Networking Box Frame LAYOUT.pdf, id=3756, 1228.59pt x 794.97pt>
File: Images/AQX Networking Box Frame LAYOUT.pdf Graphic file (type pdf)
<use Images/AQX Networking Box Frame LAYOUT.pdf>
Package pdftex.def Info: Images/AQX Networking Box Frame LAYOUT.pdf  used on input line 22.
(pdftex.def)             Requested size: 556.47656pt x 360.07433pt.


pdfTeX warning: pdflatex (file ./Images/nipro_parabolic_mirror_drawing.pdf): PDF inclusion: found PDF version <1.7>, but at most version <1.5> allowed
<Images/nipro_parabolic_mirror_drawing.pdf, id=3757, 794.97pt x 614.295pt>
File: Images/nipro_parabolic_mirror_drawing.pdf Graphic file (type pdf)
<use Images/nipro_parabolic_mirror_drawing.pdf>
Package pdftex.def Info: Images/nipro_parabolic_mirror_drawing.pdf  used on input line 38.
(pdftex.def)             Requested size: 556.47656pt x 430.01294pt.
<Images/recessed_window_draft.pdf, id=3758, 952.30714pt x 522.2078pt>
File: Images/recessed_window_draft.pdf Graphic file (type pdf)
<use Images/recessed_window_draft.pdf>
Package pdftex.def Info: Images/recessed_window_draft.pdf  used on input line 45.
(pdftex.def)             Requested size: 556.47656pt x 305.15965pt.
<Images/recessed_viewport_for_kimball_6in_spherical_octagon.pdf, id=3761, 794.97pt x 614.295pt>
File: Images/recessed_viewport_for_kimball_6in_spherical_octagon.pdf Graphic file (type pdf)
<use Images/recessed_viewport_for_kimball_6in_spherical_octagon.pdf>
Package pdftex.def Info: Images/recessed_viewport_for_kimball_6in_spherical_octagon.pdf  used on input line 52.
(pdftex.def)             Requested size: 556.47656pt x 430.01294pt.
) [109 <./Images/mdc_chamber_20220428.pdf>] [110 <./Images/AQX Networking Box Frame LAYOUT.pdf, page is rotated 270 degrees>] [111 <./Images/nipro_parabolic_mirror_drawing.pdf>] [112 <./Images/recessed_window_draft.pdf>] [113 <./Images/recessed_viewport_for_kimball_6in_spherical_octagon.pdf>]
\openout2 = `backmatter/appendix_ingredients.aux'.

 (backmatter/appendix_ingredients.tex [114




]
<Images/optical_chip_parts_mirror_version_20230316.pdf, id=3872, 963.6pt x 542.025pt>
File: Images/optical_chip_parts_mirror_version_20230316.pdf Graphic file (type pdf)
<use Images/optical_chip_parts_mirror_version_20230316.pdf>
Package pdftex.def Info: Images/optical_chip_parts_mirror_version_20230316.pdf  used on input line 15.
(pdftex.def)             Requested size: 556.47656pt x 313.0266pt.
) [115 <./Images/optical_chip_parts_mirror_version_20230316.pdf>]
\openout2 = `backmatter/appendix_cavity_node.aux'.

 (backmatter/appendix_cavity_node.tex
<Images/cavity_mirror_substrate.pdf, id=3898, 600.71295pt x 193.44269pt>
File: Images/cavity_mirror_substrate.pdf Graphic file (type pdf)
<use Images/cavity_mirror_substrate.pdf>
Package pdftex.def Info: Images/cavity_mirror_substrate.pdf  used on input line 12.
(pdftex.def)             Requested size: 387.00153pt x 124.6264pt.
 [116




]
<Images/mode_matching_mirror_approximation.pdf, id=3906, 542.81886pt x 188.41264pt>
File: Images/mode_matching_mirror_approximation.pdf Graphic file (type pdf)
<use Images/mode_matching_mirror_approximation.pdf>
Package pdftex.def Info: Images/mode_matching_mirror_approximation.pdf  used on input line 25.
(pdftex.def)             Requested size: 387.00153pt x 134.32877pt.
 [117 <./Images/cavity_mirror_substrate.pdf>] [118 <./Images/mode_matching_mirror_approximation.pdf>] [119]
<Images/zemax_cavity_design.pdf, id=3980, 541.39189pt x 223.37297pt>
File: Images/zemax_cavity_design.pdf Graphic file (type pdf)
<use Images/zemax_cavity_design.pdf>
Package pdftex.def Info: Images/zemax_cavity_design.pdf  used on input line 70.
(pdftex.def)             Requested size: 387.00153pt x 159.67636pt.
 [120 <./Images/zemax_cavity_design.pdf>]
<Images/mode_matching_housings.pdf, id=4039, 754.30956pt x 317.28575pt>
File: Images/mode_matching_housings.pdf Graphic file (type pdf)
<use Images/mode_matching_housings.pdf>
Package pdftex.def Info: Images/mode_matching_housings.pdf  used on input line 81.
(pdftex.def)             Requested size: 387.00153pt x 162.7867pt.
<Images/cavitybridge.pdf, id=4043, 1218.80344pt x 569.12625pt>
File: Images/cavitybridge.pdf Graphic file (type pdf)
<use Images/cavitybridge.pdf>
Package pdftex.def Info: Images/cavitybridge.pdf  used on input line 89.
(pdftex.def)             Requested size: 193.50076pt x 90.34996pt.
 [121 <./Images/mode_matching_housings.pdf>]
<Images/mint_chip.pdf, id=4096, 730.9818pt x 444.15965pt>
File: Images/mint_chip.pdf Graphic file (type pdf)
<use Images/mint_chip.pdf>
Package pdftex.def Info: Images/mint_chip.pdf  used on input line 99.
(pdftex.def)             Requested size: 301.00192pt x 182.89279pt.
<Images/mint_chip_science_chamber.pdf, id=4098, 631.31831pt x 487.06914pt>
File: Images/mint_chip_science_chamber.pdf Graphic file (type pdf)
<use Images/mint_chip_science_chamber.pdf>
Package pdftex.def Info: Images/mint_chip_science_chamber.pdf  used on input line 107.
(pdftex.def)             Requested size: 387.00153pt x 298.57585pt.
 [122 <./Images/cavitybridge.pdf>]) [123 <./Images/mint_chip.pdf>] [124 <./Images/mint_chip_science_chamber.pdf>]
\openout2 = `backmatter/appendix_2pac.aux'.

 (backmatter/appendix_2pac.tex [125




] [126]
<Images/two_piezo_stack_assembly.pdf, id=4215, 12141.36098pt x 4047.12pt>
File: Images/two_piezo_stack_assembly.pdf Graphic file (type pdf)
<use Images/two_piezo_stack_assembly.pdf>
Package pdftex.def Info: Images/two_piezo_stack_assembly.pdf  used on input line 35.
(pdftex.def)             Requested size: 387.00153pt x 128.94235pt.
) [127 <./Images/two_piezo_stack_assembly.pdf>]
\openout2 = `backmatter/appendix_collective_atomic_radiance.aux'.

 (backmatter/appendix_collective_atomic_radiance.tex
<Images/Dicke_neutron_decay.pdf, id=4244, 562.58043pt x 244.7816pt>
File: Images/Dicke_neutron_decay.pdf Graphic file (type pdf)
<use Images/Dicke_neutron_decay.pdf>
Package pdftex.def Info: Images/Dicke_neutron_decay.pdf  used on input line 8.
(pdftex.def)             Requested size: 387.00153pt x 168.38777pt.
 [128




 <./Images/Dicke_neutron_decay.pdf>]
<Images/atomgrid.pdf, id=4285, 332.69019pt x 235.9749pt>
File: Images/atomgrid.pdf Graphic file (type pdf)
<use Images/atomgrid.pdf>
Package pdftex.def Info: Images/atomgrid.pdf  used on input line 21.
(pdftex.def)             Requested size: 193.50076pt x 137.24721pt.
 [129 <./Images/atomgrid.pdf>]
<Images/symm_anti_symm_modes.pdf, id=4320, 607.991pt x 288.31459pt>
File: Images/symm_anti_symm_modes.pdf Graphic file (type pdf)
<use Images/symm_anti_symm_modes.pdf>
Package pdftex.def Info: Images/symm_anti_symm_modes.pdf  used on input line 53.
(pdftex.def)             Requested size: 387.00153pt x 183.52205pt.
 [130]
<Images/collective_linewidths_2d.pdf, id=4330, 864.98051pt x 237.1354pt>
File: Images/collective_linewidths_2d.pdf Graphic file (type pdf)
<use Images/collective_linewidths_2d.pdf>
Package pdftex.def Info: Images/collective_linewidths_2d.pdf  used on input line 62.
(pdftex.def)             Requested size: 387.00153pt x 106.0948pt.
 [131 <./Images/symm_anti_symm_modes.pdf>]
<Images/collective_decay_composition.pdf, id=4358, 837.75117pt x 263.82565pt>
File: Images/collective_decay_composition.pdf Graphic file (type pdf)
<use Images/collective_decay_composition.pdf>
Package pdftex.def Info: Images/collective_decay_composition.pdf  used on input line 72.
(pdftex.def)             Requested size: 387.00153pt x 121.87654pt.
<Images/collective_emission_patterns.pdf, id=4360, 564.60938pt x 371.88937pt>
File: Images/collective_emission_patterns.pdf Graphic file (type pdf)
<use Images/collective_emission_patterns.pdf>
Package pdftex.def Info: Images/collective_emission_patterns.pdf  used on input line 80.
(pdftex.def)             Requested size: 387.00153pt x 254.90724pt.
 [132 <./Images/collective_linewidths_2d.pdf> <./Images/collective_decay_composition.pdf

pdfTeX warning: pdflatex (file ./Images/collective_decay_composition.pdf): PDF inclusion: multiple pdfs with page group included in a single page
>]
<Images/superradiance_vs_atom_spread.pdf, id=4436, 413.29407pt x 267.2447pt>
File: Images/superradiance_vs_atom_spread.pdf Graphic file (type pdf)
<use Images/superradiance_vs_atom_spread.pdf>
Package pdftex.def Info: Images/superradiance_vs_atom_spread.pdf  used on input line 91.
(pdftex.def)             Requested size: 193.50076pt x 125.12384pt.
 [133 <./Images/collective_emission_patterns.pdf>]
<Images/superradiance_vs_array_efficiency.pdf, id=4476, 846.16125pt x 274.28479pt>
File: Images/superradiance_vs_array_efficiency.pdf Graphic file (type pdf)
<use Images/superradiance_vs_array_efficiency.pdf>
Package pdftex.def Info: Images/superradiance_vs_array_efficiency.pdf  used on input line 100.
(pdftex.def)             Requested size: 387.00153pt x 125.44429pt.
<Images/collective_radiance_in_volumetric_arrays.pdf, id=4479, 631.09384pt x 279.29283pt>
File: Images/collective_radiance_in_volumetric_arrays.pdf Graphic file (type pdf)
<use Images/collective_radiance_in_volumetric_arrays.pdf>
Package pdftex.def Info: Images/collective_radiance_in_volumetric_arrays.pdf  used on input line 109.
(pdftex.def)             Requested size: 387.00153pt x 171.27611pt.
 [134 <./Images/superradiance_vs_atom_spread.pdf>] [135 <./Images/superradiance_vs_array_efficiency.pdf> <./Images/collective_radiance_in_volumetric_arrays.pdf

pdfTeX warning: pdflatex (file ./Images/collective_radiance_in_volumetric_arrays.pdf): PDF inclusion: multiple pdfs with page group included in a single page
>]) [136]
pdfTeX warning (ext4): destination with the same identifier (name{page.136}) has been already used, duplicate ignored
<to be read again> 
                   \relax 
l.85 \begin{colophon}
                      [136


] (backmatter/colophon.tex) [137

]
Overfull \hbox (11.10736pt too wide) in paragraph at lines 96--96
[]\T1/qpl/m/n/12 (-20) Sebastian Philipp Neu-mann, Alexan-der Buch-ner, Lukas Bulla, Mar-tin Bohmann,
 []

[138

]
Overfull \hbox (11.55415pt too wide) in paragraph at lines 96--96
\T1/qpl/m/n/12 (-20) tures''. In: \T1/qpl/m/it/12 (-20) Phys. Rev. Ap-plied \T1/qpl/m/n/12 (-20) 16 (2021), p. 034013. \T1/qpl/m/sc/12 (-20) doi\T1/qpl/m/n/12 (-20) : [][]$\T1/cmtt/m/n/12 10 . 1103 / PhysRevApplied .
 []

[139] [140] [141] [142]
Overfull \hbox (7.12456pt too wide) in paragraph at lines 96--96
\T1/qpl/m/n/12 (-20) sin-gle atom imag-ing in op-ti-cal lat-tice ar-rays''. In: \T1/qpl/m/it/12 (-20) arXiv preprint arXiv:2404.09978
 []


Overfull \hbox (0.33664pt too wide) in paragraph at lines 96--96
[]\T1/qpl/m/n/12 (-20) Chun Kit Lam, Stephan Maka, David Nadlinger, Chris Bal-lance, and Sbastien
 []

[143] [144]
Overfull \hbox (8.51955pt too wide) in paragraph at lines 96--96
[]\T1/qpl/m/n/12 (-20) D. Stu-art and A. Kuhn. ``Single-atom trap-ping and trans-port in DMD-controlled
 []

[145] [146] [147]
Overfull \hbox (5.52904pt too wide) in paragraph at lines 96--96
[]\T1/qpl/m/n/12 (-20) Chengyu Fang, Jared Miles, J. Mur-phree, M. Licht-man, M. Gillette, M. Bergdolt,
 []

[148] [149] [150]
\tf@toc=\write6
\openout6 = `dissertation.toc'.

\tf@lot=\write7
\openout7 = `dissertation.lot'.

\tf@lof=\write8
\openout8 = `dissertation.lof'.

 (dissertation.aux (frontmatter/frontmatter.aux) (Chapters/Ch_intro_to_quantum_networks.aux) (Chapters/Ch_integrated_network_node.aux) (Chapters/Ch_preparing_neutral_atom_qubits.aux) (Chapters/Ch_towards_atom_photon_entanglement.aux) (Chapters/Ch_array_PRA.aux) (backmatter/appendix_GOODlogger.aux) (backmatter/appendix_experiment_box.aux) (backmatter/appendix_drawings.aux) (backmatter/appendix_ingredients.aux) (backmatter/appendix_cavity_node.aux) (backmatter/appendix_2pac.aux) (backmatter/appendix_collective_atomic_radiance.aux))
 ***********
LaTeX2e <2023-11-01> patch level 1
L3 programming layer <2020/03/25>
 ***********


LaTeX Warning: There were undefined references.


LaTeX Warning: There were multiply-defined labels.

Package rerunfilecheck Info: File `dissertation.out' has not changed.
(rerunfilecheck)             Checksum: 3057F86B40D1ED2A45F67B89C3DD4F56;18008.

Package biblatex Warning: Please (re)run BibTeX on the file(s):
(biblatex)                dissertation
(biblatex)                and rerun LaTeX afterwards.

Package logreq Info: Writing requests to 'dissertation.run.xml'.
\openout1 = `dissertation.run.xml'.

 )
(\end occurred inside a group at level 2)

### semi simple group (level 2) entered at line 96 (\begingroup)
### semi simple group (level 1) entered at line 93 (\begingroup)
### bottom level
(\end occurred when \ifnum on line 96 was incomplete)
(\end occurred when \ifnum on line 96 was incomplete) 
Here is how much of TeX's memory you used:
 31470 strings out of 474369
 567813 string characters out of 5740514
 1982754 words of memory out of 5000000
 52608 multiletter control sequences out of 15000+600000
 645904 words of font info for 247 fonts, out of 8000000 for 9000
 1141 hyphenation exceptions out of 8191
 85i,20n,93p,2635b,1813s stack positions out of 10000i,1000n,20000p,200000b,200000s
 <C:\Users\prest\AppData\Local\MiKTeX\fonts/pk/ljfour/jknappen/ec/dpi600\ectt1200.pk><C:/Users/prest/AppData/Local/Programs/MiKTeX/fonts/type1/public/amsfonts/cm/cmbx12.pfb><C:/Users/prest/AppData/Local/Programs/MiKTeX/fonts/type1/public/amsfonts/cm/cmex10.pfb><C:/Users/prest/AppData/Local/Programs/MiKTeX/fonts/type1/public/amsfonts/cm/cmmi12.pfb><C:/Users/prest/AppData/Local/Programs/MiKTeX/fonts/type1/public/amsfonts/cm/cmmi6.pfb><C:/Users/prest/AppData/Local/Programs/MiKTeX/fonts/type1/public/amsfonts/cm/cmmi8.pfb><C:/Users/prest/AppData/Local/Programs/MiKTeX/fonts/type1/public/amsfonts/cm/cmr10.pfb><C:/Users/prest/AppData/Local/Programs/MiKTeX/fonts/type1/public/amsfonts/cm/cmr12.pfb><C:/Users/prest/AppData/Local/Programs/MiKTeX/fonts/type1/public/amsfonts/cm/cmr17.pfb><C:/Users/prest/AppData/Local/Programs/MiKTeX/fonts/type1/public/amsfonts/cm/cmr6.pfb><C:/Users/prest/AppData/Local/Programs/MiKTeX/fonts/type1/public/amsfonts/cm/cmr8.pfb><C:/Users/prest/AppData/Local/Programs/MiKTeX/fonts/type1/public/amsfonts/cm/cmsy10.pfb><C:/Users/prest/AppData/Local/Programs/MiKTeX/fonts/type1/public/amsfonts/cm/cmsy6.pfb><C:/Users/prest/AppData/Local/Programs/MiKTeX/fonts/type1/public/amsfonts/cm/cmsy8.pfb><C:/Users/prest/AppData/Local/Programs/MiKTeX/fonts/type1/public/amsfonts/symbols/msam10.pfb><C:/Users/prest/AppData/Local/Programs/MiKTeX/fonts/type1/public/amsfonts/symbols/msbm10.pfb><C:/Users/prest/AppData/Local/Programs/MiKTeX/fonts/type1/public/tex-gyre/qplb.pfb><C:/Users/prest/AppData/Local/Programs/MiKTeX/fonts/type1/public/tex-gyre/qplr.pfb><C:/Users/prest/AppData/Local/Programs/MiKTeX/fonts/type1/public/tex-gyre/qplri.pfb>
Output written on dissertation.pdf (177 pages, 24146717 bytes).
PDF statistics:
 4982 PDF objects out of 5155 (max. 8388607)
 523 named destinations out of 1000 (max. 500000)
 48713 words of extra memory for PDF output out of 51595 (max. 10000000)

