\BOOKMARK [0][-]{section*.3}{\376\377\000C\000o\000n\000t\000e\000n\000t\000s}{}% 1
\BOOKMARK [0][-]{section*.5}{\376\377\000L\000i\000s\000t\000\040\000o\000f\000\040\000T\000a\000b\000l\000e\000s}{}% 2
\BOOKMARK [0][-]{section*.7}{\376\377\000L\000i\000s\000t\000\040\000o\000f\000\040\000F\000i\000g\000u\000r\000e\000s}{}% 3
\BOOKMARK [0][-]{chapter*.9}{\376\377\000A\000b\000s\000t\000r\000a\000c\000t}{}% 4
\BOOKMARK [-1][-]{part.1}{\376\377\000T\000h\000e\000o\000r\000y\000\040\000a\000n\000d\000\040\000B\000a\000c\000k\000g\000r\000o\000u\000n\000d}{}% 5
\BOOKMARK [0][-]{chapter.1}{\376\377\000Q\000u\000a\000n\000t\000u\000m\000\040\000n\000e\000t\000w\000o\000r\000k\000i\000n\000g\000\040\000w\000i\000t\000h\000\040\000n\000e\000u\000t\000r\000a\000l\000\040\000R\000u\000b\000i\000d\000i\000u\000m\000\040\000a\000t\000o\000m\000s}{part.1}% 6
\BOOKMARK [1][-]{section.1.1}{\376\377\000I\000n\000t\000r\000o\000\040\000t\000o\000\040\000q\000u\000a\000n\000t\000u\000m\000\040\000n\000e\000t\000w\000o\000r\000k\000s}{chapter.1}% 7
\BOOKMARK [2][-]{subsection.1.1.1}{\376\377\000D\000i\000s\000t\000r\000i\000b\000u\000t\000e\000d\000\040\000q\000u\000a\000n\000t\000u\000m\000\040\000e\000n\000t\000a\000n\000g\000l\000e\000m\000e\000n\000t\000\040\000a\000s\000\040\000a\000\040\000r\000e\000s\000o\000u\000r\000c\000e}{section.1.1}% 8
\BOOKMARK [1][-]{section.1.2}{\376\377\000Q\000u\000a\000n\000t\000u\000m\000\040\000n\000e\000t\000w\000o\000r\000k\000i\000n\000g\000\040\000w\000i\000t\000h\000\040\000n\000e\000u\000t\000r\000a\000l\000\040\000a\000t\000o\000m\000\040\000q\000u\000b\000i\000t\000s}{chapter.1}% 9
\BOOKMARK [2][-]{subsection.1.2.1}{\376\377\000E\000s\000t\000a\000b\000l\000i\000s\000h\000i\000n\000g\000\040\000r\000e\000m\000o\000t\000e\000\040\000e\000n\000t\000a\000n\000g\000l\000e\000m\000e\000n\000t}{section.1.2}% 10
\BOOKMARK [2][-]{subsection.1.2.2}{\376\377\000Q\000u\000a\000n\000t\000u\000m\000\040\000n\000e\000t\000w\000o\000r\000k\000s\000\040\000f\000o\000r\000\040\000d\000i\000s\000t\000r\000i\000b\000u\000t\000e\000d\000\040\000p\000r\000o\000c\000e\000s\000s\000i\000n\000g}{section.1.2}% 11
\BOOKMARK [2][-]{subsection.1.2.3}{\376\377\000A\000\040\000r\000e\000m\000o\000t\000e\000\040\000e\000n\000t\000a\000n\000g\000l\000e\000m\000e\000n\000t\000\040\000p\000r\000o\000t\000o\000c\000o\000l\000\040\000w\000i\000t\000h\000\040\0008\0007\000R\000b\000\040\000a\000t\000o\000m\000s}{section.1.2}% 12
\BOOKMARK [1][-]{section.1.3}{\376\377\000A\000t\000o\000m\000-\000a\000t\000o\000m\000\040\000e\000n\000t\000a\000n\000g\000l\000e\000m\000e\000n\000t\000\040\000r\000a\000t\000e}{chapter.1}% 13
\BOOKMARK [2][-]{subsection.1.3.1}{\376\377\000L\000i\000n\000k\000\040\000e\000f\000f\000i\000c\000i\000e\000n\000c\000y}{section.1.3}% 14
\BOOKMARK [1][-]{section.1.4}{\376\377\000E\000n\000t\000a\000n\000g\000l\000e\000m\000e\000n\000t\000\040\000f\000i\000d\000e\000l\000i\000t\000y}{chapter.1}% 15
\BOOKMARK [2][-]{subsection.1.4.1}{\376\377\000D\000o\000m\000i\000n\000a\000n\000t\000\040\000c\000o\000n\000t\000r\000i\000b\000u\000t\000i\000o\000n\000s}{section.1.4}% 16
\BOOKMARK [2][-]{subsection.1.4.2}{\376\377\000S\000m\000a\000l\000l\000e\000r\000\040\000e\000f\000f\000e\000c\000t\000s}{section.1.4}% 17
\BOOKMARK [-1][-]{part.2}{\376\377\000E\000x\000p\000e\000r\000i\000m\000e\000n\000t}{}% 18
\BOOKMARK [0][-]{chapter.2}{\376\377\000Q\000u\000a\000n\000t\000u\000m\000\040\000n\000e\000t\000w\000o\000r\000k\000\040\000a\000p\000p\000a\000r\000a\000t\000u\000s\000\040\000d\000e\000s\000i\000g\000n}{part.2}% 19
\BOOKMARK [1][-]{section.2.1}{\376\377\000Q\000u\000a\000n\000t\000u\000m\000\040\000N\000e\000t\000w\000o\000r\000k\000\040\000N\000o\000d\000e\000\040\000D\000e\000s\000i\000g\000n}{chapter.2}% 20
\BOOKMARK [2][-]{subsection.2.1.1}{\376\377\000O\000n\000-\000c\000h\000i\000p\000\040\000o\000p\000t\000i\000c\000a\000l\000\040\000a\000r\000c\000h\000i\000t\000e\000c\000t\000u\000r\000e}{section.2.1}% 21
\BOOKMARK [2][-]{subsection.2.1.2}{\376\377\000V\000a\000c\000u\000u\000m\000\040\000s\000y\000s\000t\000e\000m\000\040\000d\000e\000s\000i\000g\000n}{section.2.1}% 22
\BOOKMARK [1][-]{section.2.2}{\376\377\000U\000H\000V\000\040\000s\000c\000i\000e\000n\000c\000e\000\040\000o\000p\000t\000i\000c\000s}{chapter.2}% 23
\BOOKMARK [2][-]{subsection.2.2.1}{\376\377\000C\000l\000e\000a\000n\000\040\000r\000o\000o\000m\000\040\000a\000s\000s\000e\000m\000b\000l\000y\000\040\000e\000n\000v\000i\000r\000o\000n\000m\000e\000n\000t\000s}{section.2.2}% 24
\BOOKMARK [2][-]{subsection.2.2.2}{\376\377\000M\000O\000T\000\040\000a\000n\000d\000\040\000s\000t\000a\000t\000e\000\040\000p\000r\000e\000p\000a\000r\000a\000t\000i\000o\000n\000\040\000o\000p\000t\000i\000c\000s}{section.2.2}% 25
\BOOKMARK [2][-]{subsection.2.2.3}{\376\377\000P\000a\000r\000a\000b\000o\000l\000i\000c\000\040\000m\000i\000r\000r\000o\000r\000:\000\040\000d\000i\000p\000o\000l\000e\000\040\000t\000r\000a\000p\000\040\000a\000n\000d\000\040\000p\000h\000o\000t\000o\000n\000\040\000c\000o\000l\000l\000e\000c\000t\000i\000o\000n}{section.2.2}% 26
\BOOKMARK [2][-]{subsection.2.2.4}{\376\377\000C\000o\000-\000a\000l\000i\000g\000n\000m\000e\000n\000t\000\040\000o\000f\000\040\000t\000h\000e\000\040\000o\000n\000-\000c\000h\000i\000p\000\040\000o\000p\000t\000i\000c\000s}{section.2.2}% 27
\BOOKMARK [2][-]{subsection.2.2.5}{\376\377\000O\000p\000t\000i\000c\000a\000l\000\040\000c\000h\000i\000p\000\040\000i\000n\000s\000t\000a\000l\000l\000a\000t\000i\000o\000n\000\040\000a\000n\000d\000\040\000v\000a\000c\000u\000u\000m\000\040\000b\000a\000k\000e\000o\000u\000t}{section.2.2}% 28
\BOOKMARK [1][-]{section.2.3}{\376\377\000L\000a\000s\000e\000r\000s}{chapter.2}% 29
\BOOKMARK [2][-]{subsection.2.3.1}{\376\377\000D\0002\000\040\000L\000i\000n\000e\000\040\000c\000o\000o\000l\000i\000n\000g\000,\000\040\000e\000x\000c\000i\000t\000a\000t\000i\000o\000n\000,\000\040\000a\000n\000d\000\040\000r\000e\000p\000u\000m\000p\000e\000r\000s}{section.2.3}% 30
\BOOKMARK [2][-]{subsection.2.3.2}{\376\377\000D\0001\000\040\000L\000i\000n\000e\000\040\000o\000p\000t\000i\000c\000a\000l\000\040\000p\000u\000m\000p\000i\000n\000g}{section.2.3}% 31
\BOOKMARK [2][-]{subsection.2.3.3}{\376\377\000F\000O\000R\000T}{section.2.3}% 32
\BOOKMARK [1][-]{section.2.4}{\376\377\000M\000a\000g\000n\000e\000t\000i\000c\000\040\000f\000i\000e\000l\000d\000\040\000c\000o\000i\000l\000s}{chapter.2}% 33
\BOOKMARK [1][-]{section.2.5}{\376\377\000E\000x\000p\000e\000r\000i\000m\000e\000n\000t\000\040\000C\000o\000n\000t\000r\000o\000l}{chapter.2}% 34
\BOOKMARK [0][-]{chapter.3}{\376\377\000P\000r\000e\000p\000a\000r\000a\000t\000i\000o\000n\000,\000\040\000m\000a\000n\000i\000p\000u\000l\000a\000t\000i\000o\000n\000,\000\040\000a\000n\000d\000\040\000m\000e\000a\000s\000u\000r\000e\000m\000e\000n\000t\000\040\000o\000f\000\040\000n\000e\000u\000t\000r\000a\000l\000\040\000a\000t\000o\000m\000\040\000q\000u\000b\000i\000t\000s}{part.2}% 35
\BOOKMARK [1][-]{section.3.1}{\376\377\000M\000O\000T}{chapter.3}% 36
\BOOKMARK [2][-]{subsection.3.1.1}{\376\377\000A\000l\000i\000g\000n\000m\000e\000n\000t\000\040\000a\000n\000d\000\040\000i\000m\000a\000g\000i\000n\000g}{section.3.1}% 37
\BOOKMARK [2][-]{subsection.3.1.2}{\376\377\000F\000i\000b\000e\000r\000\040\000A\000O\000M\000s\000\040\000a\000n\000d\000\040\000c\000o\000o\000l\000i\000n\000g\000\040\000l\000i\000g\000h\000t\000\040\000p\000o\000w\000e\000r\000\040\000s\000t\000a\000b\000i\000l\000i\000z\000a\000t\000i\000o\000n}{section.3.1}% 38
\BOOKMARK [1][-]{section.3.2}{\376\377\000T\000r\000a\000p\000p\000i\000n\000g\000\040\000s\000i\000n\000g\000l\000e\000\040\000a\000t\000o\000m\000s}{chapter.3}% 39
\BOOKMARK [2][-]{subsection.3.2.1}{\376\377\000F\000O\000R\000T\000\040\000f\000o\000r\000m\000e\000d\000\040\000w\000i\000t\000h\000\040\000p\000a\000r\000a\000b\000o\000l\000i\000c\000\040\000m\000i\000r\000r\000o\000r}{section.3.2}% 40
\BOOKMARK [2][-]{subsection.3.2.2}{\376\377\000F\000O\000R\000T\000\040\000p\000o\000w\000e\000r\000\040\000s\000t\000a\000b\000i\000l\000i\000z\000a\000t\000i\000o\000n}{section.3.2}% 41
\BOOKMARK [2][-]{subsection.3.2.3}{\376\377\000S\000i\000n\000g\000l\000e\000\040\000a\000t\000o\000m\000\040\000l\000o\000a\000d\000i\000n\000g\000\040\000i\000n\000\040\000s\000t\000e\000a\000d\000y\000-\000s\000t\000a\000t\000e\000\040\000M\000O\000T}{section.3.2}% 42
\BOOKMARK [2][-]{subsection.3.2.4}{\376\377\000T\000r\000a\000p\000\040\000d\000e\000p\000t\000h\000\040\000a\000n\000d\000\040\000v\000i\000b\000r\000a\000t\000i\000o\000n\000a\000l\000\040\000f\000r\000e\000q\000u\000e\000n\000c\000i\000e\000s}{section.3.2}% 43
\BOOKMARK [1][-]{section.3.3}{\376\377\000S\000i\000n\000g\000l\000e\000\040\000a\000t\000o\000m\000\040\000e\000x\000p\000e\000r\000i\000m\000e\000n\000t\000s}{chapter.3}% 44
\BOOKMARK [2][-]{subsection.3.3.1}{\376\377\000F\000O\000R\000T\000\040\000l\000o\000a\000d\000i\000n\000g\000\040\000a\000n\000d\000\040\000a\000t\000o\000m\000\040\000r\000e\000a\000d\000o\000u\000t}{section.3.3}% 45
\BOOKMARK [2][-]{subsection.3.3.2}{\376\377\000L\000i\000m\000i\000t\000a\000t\000i\000o\000n\000s\000\040\000t\000o\000\040\000c\000y\000c\000l\000e\000\040\000t\000i\000m\000e}{section.3.3}% 46
\BOOKMARK [1][-]{section.3.4}{\376\377\000Q\000u\000b\000i\000t\000\040\000s\000t\000a\000t\000e\000\040\000p\000r\000e\000p\000a\000r\000a\000t\000i\000o\000n}{chapter.3}% 47
\BOOKMARK [2][-]{subsection.3.4.1}{\376\377\000O\000p\000t\000i\000c\000a\000l\000\040\000p\000u\000m\000p\000i\000n\000g\000\040\000a\000n\000d\000\040\000m\000i\000c\000r\000o\000w\000a\000v\000e\000\040\000r\000o\000t\000a\000t\000i\000o\000n\000s}{section.3.4}% 48
\BOOKMARK [0][-]{chapter.4}{\376\377\000T\000o\000w\000a\000r\000d\000s\000\040\000a\000t\000o\000m\000-\000p\000h\000o\000t\000o\000n\000\040\000e\000n\000t\000a\000n\000g\000l\000e\000m\000e\000n\000t}{part.2}% 49
\BOOKMARK [1][-]{section.4.1}{\376\377\000S\000i\000n\000g\000l\000e\000\040\000p\000h\000o\000t\000o\000n\000\040\000g\000e\000n\000e\000r\000a\000t\000i\000o\000n}{chapter.4}% 50
\BOOKMARK [0][-]{chapter.5}{\376\377\000A\000\040\000s\000i\000m\000p\000l\000e\000,\000\040\000p\000a\000s\000s\000i\000v\000e\000\040\000d\000e\000s\000i\000g\000n\000\040\000f\000o\000r\000\040\000l\000a\000r\000g\000e\000\040\000o\000p\000t\000i\000c\000a\000l\000\040\000t\000r\000a\000p\000\040\000a\000r\000r\000a\000y\000s}{part.2}% 51
\BOOKMARK [1][-]{section.5.1}{\376\377\000I\000n\000t\000r\000o\000d\000u\000c\000t\000i\000o\000n}{chapter.5}% 52
\BOOKMARK [1][-]{section.5.2}{\376\377\000W\000o\000r\000k\000i\000n\000g\000\040\000P\000r\000i\000n\000c\000i\000p\000l\000e}{chapter.5}% 53
\BOOKMARK [2][-]{subsection.5.2.1}{\376\377\000B\000r\000i\000g\000h\000t\000\040\000T\000r\000a\000p\000\040\000A\000r\000r\000a\000y}{section.5.2}% 54
\BOOKMARK [2][-]{subsection.5.2.2}{\376\377\000D\000a\000r\000k\000\040\000T\000r\000a\000p\000\040\000A\000r\000r\000a\000y}{section.5.2}% 55
\BOOKMARK [2][-]{subsection.5.2.3}{\376\377\000C\000o\000m\000b\000i\000n\000e\000d\000\040\000B\000r\000i\000g\000h\000t\000\040\000a\000n\000d\000\040\000D\000a\000r\000k\000\040\000T\000r\000a\000p\000\040\000A\000r\000r\000a\000y}{section.5.2}% 56
\BOOKMARK [2][-]{subsection.5.2.4}{\376\377\000A\000t\000o\000m\000\040\000C\000o\000n\000f\000i\000n\000e\000m\000e\000n\000t}{section.5.2}% 57
\BOOKMARK [1][-]{section.5.3}{\376\377\000E\000x\000p\000e\000r\000i\000m\000e\000n\000t}{chapter.5}% 58
\BOOKMARK [2][-]{subsection.5.3.1}{\376\377\000I\000n\000c\000o\000h\000e\000r\000e\000n\000t\000\040\000t\000r\000a\000p}{section.5.3}% 59
\BOOKMARK [2][-]{subsection.5.3.2}{\376\377\000C\000o\000h\000e\000r\000e\000n\000t\000\040\000t\000r\000a\000p}{section.5.3}% 60
\BOOKMARK [1][-]{section.5.4}{\376\377\000R\000o\000b\000u\000s\000t\000n\000e\000s\000s\000\040\000o\000f\000\040\0004\000f\000\040\000f\000i\000l\000t\000e\000r\000e\000d\000\040\000t\000r\000a\000p\000s}{chapter.5}% 61
\BOOKMARK [1][-]{section.5.5}{\376\377\000T\000i\000g\000h\000t\000e\000r\000\040\000t\000r\000a\000p\000s\000\040\000w\000i\000t\000h\000\040\000a\000l\000t\000e\000r\000n\000a\000t\000i\000v\000e\000\040\000F\000o\000u\000r\000i\000e\000r\000\040\000p\000l\000a\000n\000e\000\040\000m\000a\000s\000k\000s}{chapter.5}% 62
\BOOKMARK [1][-]{section.5.6}{\376\377\000T\000a\000l\000b\000o\000t\000\040\000T\000r\000a\000p\000\040\000M\000i\000t\000i\000g\000a\000t\000i\000o\000n}{chapter.5}% 63
\BOOKMARK [1][-]{section.5.7}{\376\377\000E\000x\000p\000e\000r\000i\000m\000e\000n\000t\000a\000l\000\040\000d\000e\000t\000a\000i\000l\000s}{chapter.5}% 64
\BOOKMARK [2][-]{subsection.5.7.1}{\376\377\000A\000r\000r\000a\000y\000\040\000m\000a\000s\000k\000\040\000a\000n\000d\000\040\000o\000b\000s\000e\000r\000v\000e\000d\000\040\000t\000r\000a\000p\000\040\000p\000r\000o\000f\000i\000l\000e\000s}{section.5.7}% 65
\BOOKMARK [2][-]{subsection.5.7.2}{\376\377\000A\000t\000o\000m\000\040\000l\000i\000f\000e\000t\000i\000m\000e\000\040\000i\000n\000\040\000i\000n\000c\000o\000h\000e\000r\000e\000n\000t\000\040\000t\000r\000a\000p}{section.5.7}% 66
\BOOKMARK [2][-]{subsection.5.7.3}{\376\377\000F\000l\000u\000o\000r\000e\000s\000c\000e\000n\000c\000e\000\040\000i\000m\000a\000g\000i\000n\000g}{section.5.7}% 67
\BOOKMARK [1][-]{section.5.8}{\376\377\000T\000w\000o\000-\000s\000p\000e\000c\000i\000e\000s\000\040\000t\000r\000a\000p\000\040\000a\000r\000r\000a\000y}{chapter.5}% 68
\BOOKMARK [1][-]{section.5.9}{\376\377\000V\000a\000c\000u\000u\000m\000\040\000P\000r\000e\000s\000s\000u\000r\000e\000\040\000f\000r\000o\000m\000\040\000M\000O\000T\000\040\000l\000o\000a\000d\000i\000n\000g\000\040\000r\000a\000t\000e}{chapter.5}% 69
\BOOKMARK [-1][-]{part.3}{\376\377\000A\000p\000p\000e\000n\000d\000i\000x}{}% 70
\BOOKMARK [0][-]{chapter.A}{\376\377\000G\000O\000O\000D\000\040\000L\000o\000g\000g\000e\000r}{part.3}% 71
\BOOKMARK [0][-]{chapter.B}{\376\377\000T\000e\000m\000p\000e\000r\000a\000t\000u\000r\000e\000-\000c\000o\000n\000t\000r\000o\000l\000l\000e\000d\000\040\000e\000x\000p\000e\000r\000i\000m\000e\000n\000t\000\040\000b\000o\000x}{part.3}% 72
\BOOKMARK [0][-]{chapter.C}{\376\377\000M\000e\000c\000h\000a\000n\000i\000c\000a\000l\000\040\000d\000r\000a\000w\000i\000n\000g\000s}{part.3}% 73
\BOOKMARK [0][-]{chapter.D}{\376\377\000A\000\040\000C\000a\000v\000i\000t\000y\000-\000b\000a\000s\000e\000d\000\040\000N\000e\000t\000w\000o\000r\000k\000\040\000D\000e\000s\000i\000g\000n}{part.3}% 74
\BOOKMARK [1][-]{section.D.1}{\376\377\000C\000a\000v\000i\000t\000y\000\040\000M\000i\000r\000r\000o\000r\000s}{chapter.D}% 75
\BOOKMARK [1][-]{section.D.2}{\376\377\000M\000o\000d\000e\000\040\000M\000a\000t\000c\000h\000i\000n\000g}{chapter.D}% 76
\BOOKMARK [1][-]{section.D.3}{\376\377\000C\000a\000v\000i\000t\000y\000\040\000o\000p\000t\000o\000-\000m\000e\000c\000h\000a\000n\000i\000c\000s}{chapter.D}% 77
\BOOKMARK [1][-]{section.D.4}{\376\377\000M\000I\000n\000t\000\040\000C\000h\000i\000p}{chapter.D}% 78
\BOOKMARK [0][-]{chapter.E}{\376\377\000N\000e\000t\000w\000o\000r\000k\000\040\000n\000o\000d\000e\000\040\000i\000n\000g\000r\000e\000d\000i\000e\000n\000t\000\040\000l\000i\000s\000t\000s}{part.3}% 79
\BOOKMARK [0][-]{chapter.F}{\376\377\000T\000w\000o\000-\000p\000i\000e\000z\000o\000\040\000f\000i\000l\000t\000e\000r\000\040\000c\000a\000v\000i\000t\000y}{part.3}% 80
\BOOKMARK [1][-]{section.F.1}{\376\377\000O\000p\000t\000i\000c\000a\000l\000\040\000c\000a\000v\000i\000t\000i\000e\000s\000\040\000a\000s\000\040\000s\000p\000e\000c\000t\000r\000a\000l\000\040\000f\000i\000l\000t\000e\000r\000s}{chapter.F}% 81
\BOOKMARK [1][-]{section.F.2}{\376\377\000D\000e\000s\000i\000g\000n\000\040\000p\000r\000i\000n\000c\000i\000p\000l\000e}{chapter.F}% 82
\BOOKMARK [1][-]{section.F.3}{\376\377\000C\000a\000v\000i\000t\000y\000\040\000c\000o\000n\000s\000t\000r\000u\000c\000t\000i\000o\000n}{chapter.F}% 83
\BOOKMARK [0][-]{chapter.G}{\376\377\000C\000o\000l\000l\000e\000c\000t\000i\000v\000e\000\040\000r\000a\000d\000i\000a\000n\000c\000e\000\040\000i\000n\000\040\000a\000t\000o\000m\000i\000c\000\040\000a\000r\000r\000a\000y\000s\000\040\000a\000n\000d\000\040\000v\000o\000l\000u\000m\000e\000s}{part.3}% 84
\BOOKMARK [1][-]{section.G.1}{\376\377\000H\000a\000m\000i\000l\000t\000o\000n\000i\000a\000n\000\040\000f\000o\000r\000\040\000t\000h\000e\000\040\000s\000i\000n\000g\000l\000e\000-\000e\000x\000c\000i\000t\000a\000t\000i\000o\000n\000\040\000s\000u\000b\000s\000p\000a\000c\000e}{chapter.G}% 85
\BOOKMARK [1][-]{section.G.2}{\376\377\000E\000i\000g\000e\000n\000m\000o\000d\000e\000s\000,\000\040\000d\000e\000c\000a\000y\000,\000\040\000a\000n\000d\000\040\000e\000m\000i\000s\000s\000i\000o\000n\000\040\000p\000a\000t\000t\000e\000r\000n\000s\000\040\000o\000f\000\040\0002\000D\000\040\000a\000r\000r\000a\000y\000s}{chapter.G}% 86
\BOOKMARK [1][-]{section.G.3}{\376\377\000S\000e\000n\000s\000i\000t\000i\000v\000i\000t\000y\000\040\000t\000o\000\040\000i\000m\000p\000e\000r\000f\000e\000c\000t\000i\000o\000n\000s}{chapter.G}% 87
\BOOKMARK [1][-]{section.G.4}{\376\377\000E\000i\000g\000e\000n\000m\000o\000d\000e\000s\000\040\000o\000f\000\040\0003\000D\000\040\000a\000r\000r\000a\000y\000s}{chapter.G}% 88
\BOOKMARK [0][-]{chapter*.92}{\376\377\000C\000o\000l\000o\000p\000h\000o\000n}{part.3}% 89
\BOOKMARK [0][-]{section*.94}{\376\377\000R\000e\000f\000e\000r\000e\000n\000c\000e\000s}{part.3}% 90
